[+] Containers:
 |- [+] Container: /Game/FirstPerson/Maps/FirstPersonMap
 |   |- [+] ActorDescs:
 |   |   |- Guid:0C2FAF77411911E2CCF1438E093A12F1 BaseClass:/Game/BluePrints/BP_Buyable_door_01.BP_Buyable_door_01_C NativeClass:/Script/Engine.Actor Name:BP_Buyable_door_master_C_UAID_F02F74196D862AD501_1417217480 Label:BP_Buyable_door_master2 SpatiallyLoaded:1 Bounds:IsValid=true, Min=(X=2752.407 Y=1830.046 Z=-40.181), Max=(X=2795.171 Y=3330.587 Z=771.316) RuntimeGrid:None EditorOnly:0 RuntimeOnly:0 HLODRelevant:0 FolderPath:Doors FolderGuid:F47CDB4046112C04921329A599FF4266
 |   |   |- Guid:271F674B4430845E8F230E87FE04A3CF BaseClass: NativeClass:/Script/NavigationSystem.RecastNavMesh Name:RecastNavMesh_UAID_F02F74196D8624BA01-Default Label:RecastNavMesh-Default SpatiallyLoaded:0 Bounds:IsValid=true, Min=(X=0.000 Y=0.000 Z=0.000), Max=(X=0.000 Y=0.000 Z=0.000) RuntimeGrid:None EditorOnly:0 RuntimeOnly:0 HLODRelevant:0
 |   |   |- Guid:293765E848FCA1D1C5DCF6AB344DD94D BaseClass:/Game/BluePrints/BP_point_pickup.BP_point_pickup_C NativeClass:/Script/Engine.Actor Name:BP_point_pickup_C_UAID_30D042E7D36705B601_1406974231 Label:BP_point_pickup SpatiallyLoaded:1 Bounds:IsValid=true, Min=(X=904.000 Y=1084.000 Z=14.000), Max=(X=936.000 Y=1116.000 Z=46.000) RuntimeGrid:None EditorOnly:0 RuntimeOnly:0 HLODRelevant:0
 |   |   |- Guid:2B7CFA6A4E1B42715F3549A08EE4EF2D BaseClass:/Game/BluePrints/BP_seedbox.BP_seedbox_C NativeClass:/Script/Engine.Actor Name:BP_seed_C_UAID_30D042E7D3670AC101_1293795728 Label:BP_seed SpatiallyLoaded:1 Bounds:IsValid=true, Min=(X=1270.000 Y=230.000 Z=-50.000), Max=(X=1370.000 Y=330.000 Z=50.000) RuntimeGrid:None EditorOnly:0 RuntimeOnly:0 HLODRelevant:0
 |   |   |- Guid:2C17471B457C3E4FF15E498FDAC157CA BaseClass: NativeClass:/Script/Engine.StaticMeshActor Name:StaticMeshActor_UAID_30D042E7D36706B601_1782873407 Label:M_Planter SpatiallyLoaded:1 Bounds:IsValid=true, Min=(X=1560.361 Y=2439.275 Z=152.500), Max=(X=1820.119 Y=2701.207 Z=207.500) RuntimeGrid:None EditorOnly:0 RuntimeOnly:0 HLODRelevant:1 FolderPath:Center FolderGuid:14DE333F48E2CF7203428CAAD2DC3ED1
 |   |   |- Guid:4139832C41FC3103D33D658E69E1BC85 BaseClass:/Game/BluePrints/BP_Buyable_door_01.BP_Buyable_door_01_C NativeClass:/Script/Engine.Actor Name:BP_Buyable_door_master_C_UAID_F02F74196D8658B601_1788022841 Label:BP_Buyable_door_master SpatiallyLoaded:1 Bounds:IsValid=true, Min=(X=930.325 Y=1477.950 Z=-40.181), Max=(X=2430.865 Y=1520.714 Z=771.316) RuntimeGrid:None EditorOnly:0 RuntimeOnly:0 HLODRelevant:0 FolderPath:Doors FolderGuid:F47CDB4046112C04921329A599FF4266
 |   |   |- Guid:43332A6C4CAC7A22E10401928D6056BC BaseClass:/Game/BluePrints/BP_Buyable_door_01.BP_Buyable_door_01_C NativeClass:/Script/Engine.Actor Name:BP_Buyable_door_master_C_UAID_F02F74196D862AD501_1462048482 Label:BP_Buyable_door_master4 SpatiallyLoaded:1 Bounds:IsValid=true, Min=(X=617.905 Y=1812.880 Z=-40.181), Max=(X=660.670 Y=3313.421 Z=771.316) RuntimeGrid:None EditorOnly:0 RuntimeOnly:0 HLODRelevant:0 FolderPath:Doors FolderGuid:F47CDB4046112C04921329A599FF4266
 |   |   |- Guid:476871FB4A4CA844DADFDEB4EAAB40F4 BaseClass:/Game/BluePrints/BP_Planter.BP_Planter_C NativeClass:/Script/Engine.Actor Name:BP_Planter_C_UAID_F02F74196D865AB601_1179498198 Label:BP_Planter2 SpatiallyLoaded:1 Bounds:IsValid=true, Min=(X=4463.368 Y=2290.000 Z=-2.000), Max=(X=5343.361 Y=2930.000 Z=407.065) RuntimeGrid:None EditorOnly:0 RuntimeOnly:0 HLODRelevant:0 FolderPath:Planters FolderGuid:E10C7AC949C4CCFD369CD4B795658065
 |   |   |- Guid:500DAA9940956E57939128978963A6A4 BaseClass:/Game/BluePrints/BP_Planter.BP_Planter_C NativeClass:/Script/Engine.Actor Name:BP_Planter_C_UAID_F02F74196D865AB601_1177287197 Label:BP_Planter SpatiallyLoaded:1 Bounds:IsValid=true, Min=(X=1340.000 Y=5251.337 Z=-2.000), Max=(X=1980.000 Y=6131.330 Z=407.065) RuntimeGrid:None EditorOnly:0 RuntimeOnly:0 HLODRelevant:0 FolderPath:Planters FolderGuid:E10C7AC949C4CCFD369CD4B795658065
 |   |   |- Guid:53B942A447E9EC44554CDCAE958BEA0C BaseClass: NativeClass:/Script/Engine.StaticMeshActor Name:StaticMeshActor_UAID_30D042E7D367A3C101_1508880657 Label:Sphere2 SpatiallyLoaded:1 Bounds:IsValid=true, Min=(X=1655.000 Y=-969.455 Z=815.000), Max=(X=1805.000 Y=-819.455 Z=965.000) RuntimeGrid:None EditorOnly:0 RuntimeOnly:0 HLODRelevant:1
 |   |   |- Guid:5FE7584649BB6F09265329A6C57CFD0D BaseClass: NativeClass:/Script/Engine.VolumetricCloud Name:VolumetricCloud_0 Label:VolumetricCloud SpatiallyLoaded:0 Bounds:IsValid=true, Min=(X=0.000 Y=0.000 Z=820.000), Max=(X=0.000 Y=0.000 Z=820.000) RuntimeGrid:None EditorOnly:0 RuntimeOnly:0 HLODRelevant:0 FolderPath:Lighting FolderGuid:0BA5F0A04EADB18E70D5B180D08FA34B
 |   |   |- Guid:6052725E433638C202A1BCBC9AAF6BA1 BaseClass: NativeClass:/Script/Engine.StaticMeshActor Name:StaticMeshActor_UAID_30D042E7D367A3C101_1501458656 Label:Sphere SpatiallyLoaded:1 Bounds:IsValid=true, Min=(X=1545.000 Y=-969.455 Z=815.000), Max=(X=1695.000 Y=-819.455 Z=965.000) RuntimeGrid:None EditorOnly:0 RuntimeOnly:0 HLODRelevant:1
 |   |   |- Guid:61391D344900612A77DFC3BA3E354907 BaseClass: NativeClass:/Script/Engine.ExponentialHeightFog Name:ExponentialHeightFog_0 Label:ExponentialHeightFog SpatiallyLoaded:0 Bounds:IsValid=true, Min=(X=-5600.000 Y=-50.000 Z=-6850.000), Max=(X=-5600.000 Y=-50.000 Z=-6850.000) RuntimeGrid:None EditorOnly:0 RuntimeOnly:0 HLODRelevant:0 FolderPath:Lighting FolderGuid:0BA5F0A04EADB18E70D5B180D08FA34B
 |   |   |- Guid:6FEFB3BD4EB37B849EF0D4AC80F83855 BaseClass: NativeClass:/Script/Engine.WorldDataLayers Name:WorldDataLayers Label:WorldDataLayers SpatiallyLoaded:0 Bounds:IsValid=true, Min=(X=0.000 Y=0.000 Z=0.000), Max=(X=0.000 Y=0.000 Z=0.000) RuntimeGrid:None EditorOnly:0 RuntimeOnly:0 HLODRelevant:0
 |   |   |- Guid:7FC8E3B54D7CB613047AA0AE2D2B41D7 BaseClass: NativeClass:/Script/Engine.StaticMeshActor Name:StaticMeshActor_UAID_30D042E7D754EDC201_1547938736 Label:Dome SpatiallyLoaded:1 Bounds:IsValid=true, Min=(X=-2574.006 Y=-1562.653 Z=-35.457), Max=(X=5691.297 Y=6702.652 Z=4085.156) RuntimeGrid:None EditorOnly:0 RuntimeOnly:0 HLODRelevant:1
 |   |   |- Guid:82AE93F74EB1496844A9FC8E4059EA7D BaseClass: NativeClass:/Script/GeometryCollectionEngine.GeometryCollectionActor Name:GeometryCollectionActor_UAID_F02F74196D86ECD901_1214328849 Label:SM_GnomusEggington_GeometryCollection SpatiallyLoaded:1 Bounds:IsValid=true, Min=(X=2243.345 Y=-315.375 Z=-29.828), Max=(X=2288.477 Y=-269.743 Z=102.591) RuntimeGrid:None EditorOnly:0 RuntimeOnly:0 HLODRelevant:0
 |   |   |- Guid:86780C21446938CDF6BBD9AB8629D189 BaseClass:/Game/AI/BP_GnomeSpawnPoint.BP_GnomeSpawnPoint_C NativeClass:/Script/Engine.Actor Name:BP_GnomeSpawnPoint_C_UAID_30D042E7D3670AD701_1691493959 Label:BP_GnomeSpawnPoint SpatiallyLoaded:1 Bounds:IsValid=true, Min=(X=3486.143 Y=1442.265 Z=-4.681), Max=(X=3557.703 Y=1512.265 Z=175.319) RuntimeGrid:None EditorOnly:0 RuntimeOnly:0 HLODRelevant:0
 |   |   |- Guid:9631F6C3420A43C05809F98E75D144EE BaseClass: NativeClass:/Script/Engine.StaticMeshActor Name:StaticMeshActor_UAID_30D042E7D367A3C101_1521140658 Label:Sphere3 SpatiallyLoaded:1 Bounds:IsValid=true, Min=(X=1620.000 Y=-944.455 Z=1020.000), Max=(X=1720.000 Y=-844.455 Z=1120.000) RuntimeGrid:None EditorOnly:0 RuntimeOnly:0 HLODRelevant:1
 |   |   |- Guid:9E0D21C645A90D8D2CF6AD8F5D24872B BaseClass: NativeClass:/Script/Engine.StaticMeshActor Name:StaticMeshActor_UAID_30D042E7D754EEC201_1571127913 Label:Dome_Glass SpatiallyLoaded:1 Bounds:IsValid=true, Min=(X=-2550.134 Y=-1540.135 Z=-30.000), Max=(X=5670.133 Y=6680.134 Z=4080.133) RuntimeGrid:None EditorOnly:0 RuntimeOnly:0 HLODRelevant:1
 |   |   |- Guid:9F8B2E414DE42D820B0A74A25F56FCF4 BaseClass: NativeClass:/Script/NavigationSystem.NavMeshBoundsVolume Name:NavMeshBoundsVolume_UAID_F02F74196D8624BA01_2039109914 Label:NavMeshBoundsVolume SpatiallyLoaded:0 Bounds:IsValid=true, Min=(X=-2865.000 Y=-2820.000 Z=-100.000), Max=(X=6285.000 Y=6680.000 Z=100.000) RuntimeGrid:None EditorOnly:0 RuntimeOnly:0 HLODRelevant:0
 |   |   |- Guid:A3478C3F4C8B7401E3236AA2ED920049 BaseClass:/Game/AI/BP_enemy_character.BP_enemy_character_C NativeClass:/Script/Engine.Character Name:BP_enemy_character_C_UAID_30D042E7D754E5C201_1862734327 Label:BP_enemy_character SpatiallyLoaded:1 Bounds:IsValid=true, Min=(X=2213.441 Y=785.000 Z=-32.654), Max=(X=2285.000 Y=855.000 Z=147.346) RuntimeGrid:None EditorOnly:0 RuntimeOnly:0 HLODRelevant:0
 |   |   |- Guid:A354B1B24E617A525DC6B48CCDE2417E BaseClass: NativeClass:/Script/Engine.PlayerStart Name:PlayerStart_0 Label:PlayerStart SpatiallyLoaded:0 Bounds:IsValid=true, Min=(X=860.000 Y=810.000 Z=0.013), Max=(X=940.000 Y=890.000 Z=184.013) RuntimeGrid:None EditorOnly:0 RuntimeOnly:0 HLODRelevant:0
 |   |   |- Guid:ACA95B2D4A3C12770662EC90AFA06A2B BaseClass:/Game/BluePrints/BP_Sunny.BP_Sunny_C NativeClass:/Script/Engine.Actor Name:BP_Sunny_C_UAID_F02F74196D869DD801_2033339890 Label:BP_Sunny SpatiallyLoaded:1 Bounds:IsValid=true, Min=(X=1478.077 Y=2461.438 Z=188.584), Max=(X=1906.070 Y=2590.529 Z=648.632) RuntimeGrid:None EditorOnly:0 RuntimeOnly:0 HLODRelevant:0
 |   |   |- Guid:B547E8E24F4A6DAD7AF70BA01C9E41A4 BaseClass:/Game/BluePrints/BP_Buyable_door_01.BP_Buyable_door_01_C NativeClass:/Script/Engine.Actor Name:BP_Buyable_door_master_C_UAID_F02F74196D862AD501_1430543481 Label:BP_Buyable_door_master3 SpatiallyLoaded:1 Bounds:IsValid=true, Min=(X=944.888 Y=3669.401 Z=-40.181), Max=(X=2445.429 Y=3712.166 Z=771.316) RuntimeGrid:None EditorOnly:0 RuntimeOnly:0 HLODRelevant:0 FolderPath:Doors FolderGuid:F47CDB4046112C04921329A599FF4266
 |   |   |- Guid:C22CE07C4B87D685137FDBBC10FC92C6 BaseClass: NativeClass:/Script/Engine.SkyAtmosphere Name:SkyAtmosphere_0 Label:SkyAtmosphere SpatiallyLoaded:0 Bounds:IsValid=true, Min=(X=0.000 Y=0.000 Z=1020.000), Max=(X=0.000 Y=0.000 Z=1020.000) RuntimeGrid:None EditorOnly:0 RuntimeOnly:0 HLODRelevant:0 FolderPath:Lighting FolderGuid:0BA5F0A04EADB18E70D5B180D08FA34B
 |   |   |- Guid:CC46BB3E416F312118CEF5A92C5D7F5B BaseClass:/Game/BluePrints/BP_Planter.BP_Planter_C NativeClass:/Script/Engine.Actor Name:BP_Planter_C_UAID_F02F74196D865AB601_1182162199 Label:BP_Planter3 SpatiallyLoaded:1 Bounds:IsValid=true, Min=(X=-2038.219 Y=2240.000 Z=-2.000), Max=(X=-1158.226 Y=2880.000 Z=407.065) RuntimeGrid:None EditorOnly:0 RuntimeOnly:0 HLODRelevant:0 FolderPath:Planters FolderGuid:E10C7AC949C4CCFD369CD4B795658065
 |   |   |- Guid:CE8D82634660FCDB3120E2B8D547C533 BaseClass: NativeClass:/Script/Engine.PostProcessVolume Name:PostProcessVolume_0 Label:PostProcessVolume SpatiallyLoaded:0 Bounds:IsValid=true, Min=(X=0.000 Y=0.000 Z=400.000), Max=(X=200.000 Y=200.000 Z=600.000) RuntimeGrid:None EditorOnly:0 RuntimeOnly:0 HLODRelevant:0 FolderPath:Lighting FolderGuid:0BA5F0A04EADB18E70D5B180D08FA34B
 |   |   |- Guid:E5320C1B4FD9764CE7B54D8487AEC613 BaseClass: NativeClass:/Script/Engine.SkyLight Name:SkyLight_0 Label:SkyLight SpatiallyLoaded:0 Bounds:IsValid=true, Min=(X=0.000 Y=0.000 Z=690.000), Max=(X=0.000 Y=0.000 Z=690.000) RuntimeGrid:None EditorOnly:0 RuntimeOnly:0 HLODRelevant:0 FolderPath:Lighting FolderGuid:0BA5F0A04EADB18E70D5B180D08FA34B
 |   |   |- Guid:E8D36DD04FE35714CA12AF9B49661EA5 BaseClass: NativeClass:/Script/ChaosCaching.ChaosCacheManager Name:ChaosCacheManager_UAID_F02F74196D86ECD901_1221939850 Label:ChaosCacheManager SpatiallyLoaded:1 Bounds:IsValid=true, Min=(X=0.000 Y=0.000 Z=0.000), Max=(X=0.000 Y=0.000 Z=0.000) RuntimeGrid:None EditorOnly:0 RuntimeOnly:0 HLODRelevant:0
 |   |   |- Guid:EA46F73F44F1968A4A4580A9B407BB46 BaseClass:/Game/BluePrints/BP_Planter.BP_Planter_C NativeClass:/Script/Engine.Actor Name:BP_Planter_C_UAID_30D042E7D36738B801_1119087319 Label:BP_Planter4 SpatiallyLoaded:1 Bounds:IsValid=true, Min=(X=1350.000 Y=-1167.005 Z=-34.654), Max=(X=1990.000 Y=-287.012 Z=374.411) RuntimeGrid:None EditorOnly:0 RuntimeOnly:0 HLODRelevant:0 FolderPath:Planters FolderGuid:E10C7AC949C4CCFD369CD4B795658065
 |   |   |- Guid:EE66F4454A4A9F99393F559AB739C05E BaseClass:/Game/FirstPerson/Blueprints/BP_Pickup_Rifle.BP_Pickup_Rifle_C NativeClass:/Script/Engine.Actor Name:BP_Rifle_C_1 Label:BP_Pickup_Rifle SpatiallyLoaded:1 Bounds:IsValid=true, Min=(X=848.000 Y=508.000 Z=64.000), Max=(X=912.000 Y=597.440 Z=128.000) RuntimeGrid:None EditorOnly:0 RuntimeOnly:0 HLODRelevant:0
 |   |   |- Guid:F1D56C6845EE87379497FDA51E0083CB BaseClass: NativeClass:/Script/Engine.StaticMeshActor Name:StaticMeshActor_UAID_30D042E7D367A3C101_1489739655 Label:Cylinder SpatiallyLoaded:1 Bounds:IsValid=true, Min=(X=1620.000 Y=-944.455 Z=857.500), Max=(X=1720.000 Y=-844.455 Z=1082.500) RuntimeGrid:None EditorOnly:0 RuntimeOnly:0 HLODRelevant:1
 |   |   |- Guid:F80621C9446867154938FE81375207DA BaseClass: NativeClass:/Script/Engine.DirectionalLight Name:DirectionalLight_1 Label:DirectionalLight SpatiallyLoaded:0 Bounds:IsValid=true, Min=(X=-1048576.000 Y=-1048576.000 Z=-1048576.000), Max=(X=1048576.000 Y=1048576.000 Z=1048576.000) RuntimeGrid:None EditorOnly:0 RuntimeOnly:0 HLODRelevant:0 FolderPath:Lighting FolderGuid:0BA5F0A04EADB18E70D5B180D08FA34B
 |   |- [+] Clusters:
 |   |   |- [+] [  0]
 |   |   |   |- Guid:A3478C3F4C8B7401E3236AA2ED920049 BaseClass:/Game/AI/BP_enemy_character.BP_enemy_character_C NativeClass:/Script/Engine.Character Name:BP_enemy_character_C_UAID_30D042E7D754E5C201_1862734327 Label:BP_enemy_character SpatiallyLoaded:1 Bounds:IsValid=true, Min=(X=2213.441 Y=785.000 Z=-32.654), Max=(X=2285.000 Y=855.000 Z=147.346) RuntimeGrid:None EditorOnly:0 RuntimeOnly:0 HLODRelevant:0
 |   |   |- [+] [  1]
 |   |   |   |- Guid:61391D344900612A77DFC3BA3E354907 BaseClass: NativeClass:/Script/Engine.ExponentialHeightFog Name:ExponentialHeightFog_0 Label:ExponentialHeightFog SpatiallyLoaded:0 Bounds:IsValid=true, Min=(X=-5600.000 Y=-50.000 Z=-6850.000), Max=(X=-5600.000 Y=-50.000 Z=-6850.000) RuntimeGrid:None EditorOnly:0 RuntimeOnly:0 HLODRelevant:0 FolderPath:Lighting FolderGuid:0BA5F0A04EADB18E70D5B180D08FA34B
 |   |   |- [+] [  2]
 |   |   |   |- Guid:5FE7584649BB6F09265329A6C57CFD0D BaseClass: NativeClass:/Script/Engine.VolumetricCloud Name:VolumetricCloud_0 Label:VolumetricCloud SpatiallyLoaded:0 Bounds:IsValid=true, Min=(X=0.000 Y=0.000 Z=820.000), Max=(X=0.000 Y=0.000 Z=820.000) RuntimeGrid:None EditorOnly:0 RuntimeOnly:0 HLODRelevant:0 FolderPath:Lighting FolderGuid:0BA5F0A04EADB18E70D5B180D08FA34B
 |   |   |- [+] [  3]
 |   |   |   |- Guid:F80621C9446867154938FE81375207DA BaseClass: NativeClass:/Script/Engine.DirectionalLight Name:DirectionalLight_1 Label:DirectionalLight SpatiallyLoaded:0 Bounds:IsValid=true, Min=(X=-1048576.000 Y=-1048576.000 Z=-1048576.000), Max=(X=1048576.000 Y=1048576.000 Z=1048576.000) RuntimeGrid:None EditorOnly:0 RuntimeOnly:0 HLODRelevant:0 FolderPath:Lighting FolderGuid:0BA5F0A04EADB18E70D5B180D08FA34B
 |   |   |- [+] [  4]
 |   |   |   |- Guid:271F674B4430845E8F230E87FE04A3CF BaseClass: NativeClass:/Script/NavigationSystem.RecastNavMesh Name:RecastNavMesh_UAID_F02F74196D8624BA01-Default Label:RecastNavMesh-Default SpatiallyLoaded:0 Bounds:IsValid=true, Min=(X=0.000 Y=0.000 Z=0.000), Max=(X=0.000 Y=0.000 Z=0.000) RuntimeGrid:None EditorOnly:0 RuntimeOnly:0 HLODRelevant:0
 |   |   |- [+] [  5]
 |   |   |   |- Guid:500DAA9940956E57939128978963A6A4 BaseClass:/Game/BluePrints/BP_Planter.BP_Planter_C NativeClass:/Script/Engine.Actor Name:BP_Planter_C_UAID_F02F74196D865AB601_1177287197 Label:BP_Planter SpatiallyLoaded:1 Bounds:IsValid=true, Min=(X=1340.000 Y=5251.337 Z=-2.000), Max=(X=1980.000 Y=6131.330 Z=407.065) RuntimeGrid:None EditorOnly:0 RuntimeOnly:0 HLODRelevant:0 FolderPath:Planters FolderGuid:E10C7AC949C4CCFD369CD4B795658065
 |   |   |- [+] [  6]
 |   |   |   |- Guid:4139832C41FC3103D33D658E69E1BC85 BaseClass:/Game/BluePrints/BP_Buyable_door_01.BP_Buyable_door_01_C NativeClass:/Script/Engine.Actor Name:BP_Buyable_door_master_C_UAID_F02F74196D8658B601_1788022841 Label:BP_Buyable_door_master SpatiallyLoaded:1 Bounds:IsValid=true, Min=(X=930.325 Y=1477.950 Z=-40.181), Max=(X=2430.865 Y=1520.714 Z=771.316) RuntimeGrid:None EditorOnly:0 RuntimeOnly:0 HLODRelevant:0 FolderPath:Doors FolderGuid:F47CDB4046112C04921329A599FF4266
 |   |   |- [+] [  7]
 |   |   |   |- Guid:0C2FAF77411911E2CCF1438E093A12F1 BaseClass:/Game/BluePrints/BP_Buyable_door_01.BP_Buyable_door_01_C NativeClass:/Script/Engine.Actor Name:BP_Buyable_door_master_C_UAID_F02F74196D862AD501_1417217480 Label:BP_Buyable_door_master2 SpatiallyLoaded:1 Bounds:IsValid=true, Min=(X=2752.407 Y=1830.046 Z=-40.181), Max=(X=2795.171 Y=3330.587 Z=771.316) RuntimeGrid:None EditorOnly:0 RuntimeOnly:0 HLODRelevant:0 FolderPath:Doors FolderGuid:F47CDB4046112C04921329A599FF4266
 |   |   |- [+] [  8]
 |   |   |   |- Guid:476871FB4A4CA844DADFDEB4EAAB40F4 BaseClass:/Game/BluePrints/BP_Planter.BP_Planter_C NativeClass:/Script/Engine.Actor Name:BP_Planter_C_UAID_F02F74196D865AB601_1179498198 Label:BP_Planter2 SpatiallyLoaded:1 Bounds:IsValid=true, Min=(X=4463.368 Y=2290.000 Z=-2.000), Max=(X=5343.361 Y=2930.000 Z=407.065) RuntimeGrid:None EditorOnly:0 RuntimeOnly:0 HLODRelevant:0 FolderPath:Planters FolderGuid:E10C7AC949C4CCFD369CD4B795658065
 |   |   |- [+] [  9]
 |   |   |   |- Guid:EE66F4454A4A9F99393F559AB739C05E BaseClass:/Game/FirstPerson/Blueprints/BP_Pickup_Rifle.BP_Pickup_Rifle_C NativeClass:/Script/Engine.Actor Name:BP_Rifle_C_1 Label:BP_Pickup_Rifle SpatiallyLoaded:1 Bounds:IsValid=true, Min=(X=848.000 Y=508.000 Z=64.000), Max=(X=912.000 Y=597.440 Z=128.000) RuntimeGrid:None EditorOnly:0 RuntimeOnly:0 HLODRelevant:0
 |   |   |- [+] [ 10]
 |   |   |   |- Guid:9E0D21C645A90D8D2CF6AD8F5D24872B BaseClass: NativeClass:/Script/Engine.StaticMeshActor Name:StaticMeshActor_UAID_30D042E7D754EEC201_1571127913 Label:Dome_Glass SpatiallyLoaded:1 Bounds:IsValid=true, Min=(X=-2550.134 Y=-1540.135 Z=-30.000), Max=(X=5670.133 Y=6680.134 Z=4080.133) RuntimeGrid:None EditorOnly:0 RuntimeOnly:0 HLODRelevant:1
 |   |   |- [+] [ 11]
 |   |   |   |- Guid:2C17471B457C3E4FF15E498FDAC157CA BaseClass: NativeClass:/Script/Engine.StaticMeshActor Name:StaticMeshActor_UAID_30D042E7D36706B601_1782873407 Label:M_Planter SpatiallyLoaded:1 Bounds:IsValid=true, Min=(X=1560.361 Y=2439.275 Z=152.500), Max=(X=1820.119 Y=2701.207 Z=207.500) RuntimeGrid:None EditorOnly:0 RuntimeOnly:0 HLODRelevant:1 FolderPath:Center FolderGuid:14DE333F48E2CF7203428CAAD2DC3ED1
 |   |   |- [+] [ 12]
 |   |   |   |- Guid:E5320C1B4FD9764CE7B54D8487AEC613 BaseClass: NativeClass:/Script/Engine.SkyLight Name:SkyLight_0 Label:SkyLight SpatiallyLoaded:0 Bounds:IsValid=true, Min=(X=0.000 Y=0.000 Z=690.000), Max=(X=0.000 Y=0.000 Z=690.000) RuntimeGrid:None EditorOnly:0 RuntimeOnly:0 HLODRelevant:0 FolderPath:Lighting FolderGuid:0BA5F0A04EADB18E70D5B180D08FA34B
 |   |   |- [+] [ 13]
 |   |   |   |- Guid:293765E848FCA1D1C5DCF6AB344DD94D BaseClass:/Game/BluePrints/BP_point_pickup.BP_point_pickup_C NativeClass:/Script/Engine.Actor Name:BP_point_pickup_C_UAID_30D042E7D36705B601_1406974231 Label:BP_point_pickup SpatiallyLoaded:1 Bounds:IsValid=true, Min=(X=904.000 Y=1084.000 Z=14.000), Max=(X=936.000 Y=1116.000 Z=46.000) RuntimeGrid:None EditorOnly:0 RuntimeOnly:0 HLODRelevant:0
 |   |   |- [+] [ 14]
 |   |   |   |- Guid:2B7CFA6A4E1B42715F3549A08EE4EF2D BaseClass:/Game/BluePrints/BP_seedbox.BP_seedbox_C NativeClass:/Script/Engine.Actor Name:BP_seed_C_UAID_30D042E7D3670AC101_1293795728 Label:BP_seed SpatiallyLoaded:1 Bounds:IsValid=true, Min=(X=1270.000 Y=230.000 Z=-50.000), Max=(X=1370.000 Y=330.000 Z=50.000) RuntimeGrid:None EditorOnly:0 RuntimeOnly:0 HLODRelevant:0
 |   |   |- [+] [ 15]
 |   |   |   |- Guid:6052725E433638C202A1BCBC9AAF6BA1 BaseClass: NativeClass:/Script/Engine.StaticMeshActor Name:StaticMeshActor_UAID_30D042E7D367A3C101_1501458656 Label:Sphere SpatiallyLoaded:1 Bounds:IsValid=true, Min=(X=1545.000 Y=-969.455 Z=815.000), Max=(X=1695.000 Y=-819.455 Z=965.000) RuntimeGrid:None EditorOnly:0 RuntimeOnly:0 HLODRelevant:1
 |   |   |- [+] [ 16]
 |   |   |   |- Guid:7FC8E3B54D7CB613047AA0AE2D2B41D7 BaseClass: NativeClass:/Script/Engine.StaticMeshActor Name:StaticMeshActor_UAID_30D042E7D754EDC201_1547938736 Label:Dome SpatiallyLoaded:1 Bounds:IsValid=true, Min=(X=-2574.006 Y=-1562.653 Z=-35.457), Max=(X=5691.297 Y=6702.652 Z=4085.156) RuntimeGrid:None EditorOnly:0 RuntimeOnly:0 HLODRelevant:1
 |   |   |- [+] [ 17]
 |   |   |   |- Guid:ACA95B2D4A3C12770662EC90AFA06A2B BaseClass:/Game/BluePrints/BP_Sunny.BP_Sunny_C NativeClass:/Script/Engine.Actor Name:BP_Sunny_C_UAID_F02F74196D869DD801_2033339890 Label:BP_Sunny SpatiallyLoaded:1 Bounds:IsValid=true, Min=(X=1478.077 Y=2461.438 Z=188.584), Max=(X=1906.070 Y=2590.529 Z=648.632) RuntimeGrid:None EditorOnly:0 RuntimeOnly:0 HLODRelevant:0
 |   |   |- [+] [ 18]
 |   |   |   |- Guid:A354B1B24E617A525DC6B48CCDE2417E BaseClass: NativeClass:/Script/Engine.PlayerStart Name:PlayerStart_0 Label:PlayerStart SpatiallyLoaded:0 Bounds:IsValid=true, Min=(X=860.000 Y=810.000 Z=0.013), Max=(X=940.000 Y=890.000 Z=184.013) RuntimeGrid:None EditorOnly:0 RuntimeOnly:0 HLODRelevant:0
 |   |   |- [+] [ 19]
 |   |   |   |- Guid:43332A6C4CAC7A22E10401928D6056BC BaseClass:/Game/BluePrints/BP_Buyable_door_01.BP_Buyable_door_01_C NativeClass:/Script/Engine.Actor Name:BP_Buyable_door_master_C_UAID_F02F74196D862AD501_1462048482 Label:BP_Buyable_door_master4 SpatiallyLoaded:1 Bounds:IsValid=true, Min=(X=617.905 Y=1812.880 Z=-40.181), Max=(X=660.670 Y=3313.421 Z=771.316) RuntimeGrid:None EditorOnly:0 RuntimeOnly:0 HLODRelevant:0 FolderPath:Doors FolderGuid:F47CDB4046112C04921329A599FF4266
 |   |   |- [+] [ 20]
 |   |   |   |- Guid:EA46F73F44F1968A4A4580A9B407BB46 BaseClass:/Game/BluePrints/BP_Planter.BP_Planter_C NativeClass:/Script/Engine.Actor Name:BP_Planter_C_UAID_30D042E7D36738B801_1119087319 Label:BP_Planter4 SpatiallyLoaded:1 Bounds:IsValid=true, Min=(X=1350.000 Y=-1167.005 Z=-34.654), Max=(X=1990.000 Y=-287.012 Z=374.411) RuntimeGrid:None EditorOnly:0 RuntimeOnly:0 HLODRelevant:0 FolderPath:Planters FolderGuid:E10C7AC949C4CCFD369CD4B795658065
 |   |   |- [+] [ 21]
 |   |   |   |- Guid:53B942A447E9EC44554CDCAE958BEA0C BaseClass: NativeClass:/Script/Engine.StaticMeshActor Name:StaticMeshActor_UAID_30D042E7D367A3C101_1508880657 Label:Sphere2 SpatiallyLoaded:1 Bounds:IsValid=true, Min=(X=1655.000 Y=-969.455 Z=815.000), Max=(X=1805.000 Y=-819.455 Z=965.000) RuntimeGrid:None EditorOnly:0 RuntimeOnly:0 HLODRelevant:1
 |   |   |- [+] [ 22]
 |   |   |   |- Guid:F1D56C6845EE87379497FDA51E0083CB BaseClass: NativeClass:/Script/Engine.StaticMeshActor Name:StaticMeshActor_UAID_30D042E7D367A3C101_1489739655 Label:Cylinder SpatiallyLoaded:1 Bounds:IsValid=true, Min=(X=1620.000 Y=-944.455 Z=857.500), Max=(X=1720.000 Y=-844.455 Z=1082.500) RuntimeGrid:None EditorOnly:0 RuntimeOnly:0 HLODRelevant:1
 |   |   |- [+] [ 23]
 |   |   |   |- Guid:B547E8E24F4A6DAD7AF70BA01C9E41A4 BaseClass:/Game/BluePrints/BP_Buyable_door_01.BP_Buyable_door_01_C NativeClass:/Script/Engine.Actor Name:BP_Buyable_door_master_C_UAID_F02F74196D862AD501_1430543481 Label:BP_Buyable_door_master3 SpatiallyLoaded:1 Bounds:IsValid=true, Min=(X=944.888 Y=3669.401 Z=-40.181), Max=(X=2445.429 Y=3712.166 Z=771.316) RuntimeGrid:None EditorOnly:0 RuntimeOnly:0 HLODRelevant:0 FolderPath:Doors FolderGuid:F47CDB4046112C04921329A599FF4266
 |   |   |- [+] [ 24]
 |   |   |   |- Guid:C22CE07C4B87D685137FDBBC10FC92C6 BaseClass: NativeClass:/Script/Engine.SkyAtmosphere Name:SkyAtmosphere_0 Label:SkyAtmosphere SpatiallyLoaded:0 Bounds:IsValid=true, Min=(X=0.000 Y=0.000 Z=1020.000), Max=(X=0.000 Y=0.000 Z=1020.000) RuntimeGrid:None EditorOnly:0 RuntimeOnly:0 HLODRelevant:0 FolderPath:Lighting FolderGuid:0BA5F0A04EADB18E70D5B180D08FA34B
 |   |   |- [+] [ 25]
 |   |   |   |- Guid:6FEFB3BD4EB37B849EF0D4AC80F83855 BaseClass: NativeClass:/Script/Engine.WorldDataLayers Name:WorldDataLayers Label:WorldDataLayers SpatiallyLoaded:0 Bounds:IsValid=true, Min=(X=0.000 Y=0.000 Z=0.000), Max=(X=0.000 Y=0.000 Z=0.000) RuntimeGrid:None EditorOnly:0 RuntimeOnly:0 HLODRelevant:0
 |   |   |- [+] [ 26]
 |   |   |   |- Guid:E8D36DD04FE35714CA12AF9B49661EA5 BaseClass: NativeClass:/Script/ChaosCaching.ChaosCacheManager Name:ChaosCacheManager_UAID_F02F74196D86ECD901_1221939850 Label:ChaosCacheManager SpatiallyLoaded:1 Bounds:IsValid=true, Min=(X=0.000 Y=0.000 Z=0.000), Max=(X=0.000 Y=0.000 Z=0.000) RuntimeGrid:None EditorOnly:0 RuntimeOnly:0 HLODRelevant:0
 |   |   |- [+] [ 27]
 |   |   |   |- Guid:CC46BB3E416F312118CEF5A92C5D7F5B BaseClass:/Game/BluePrints/BP_Planter.BP_Planter_C NativeClass:/Script/Engine.Actor Name:BP_Planter_C_UAID_F02F74196D865AB601_1182162199 Label:BP_Planter3 SpatiallyLoaded:1 Bounds:IsValid=true, Min=(X=-2038.219 Y=2240.000 Z=-2.000), Max=(X=-1158.226 Y=2880.000 Z=407.065) RuntimeGrid:None EditorOnly:0 RuntimeOnly:0 HLODRelevant:0 FolderPath:Planters FolderGuid:E10C7AC949C4CCFD369CD4B795658065
 |   |   |- [+] [ 28]
 |   |   |   |- Guid:9F8B2E414DE42D820B0A74A25F56FCF4 BaseClass: NativeClass:/Script/NavigationSystem.NavMeshBoundsVolume Name:NavMeshBoundsVolume_UAID_F02F74196D8624BA01_2039109914 Label:NavMeshBoundsVolume SpatiallyLoaded:0 Bounds:IsValid=true, Min=(X=-2865.000 Y=-2820.000 Z=-100.000), Max=(X=6285.000 Y=6680.000 Z=100.000) RuntimeGrid:None EditorOnly:0 RuntimeOnly:0 HLODRelevant:0
 |   |   |- [+] [ 29]
 |   |   |   |- Guid:9631F6C3420A43C05809F98E75D144EE BaseClass: NativeClass:/Script/Engine.StaticMeshActor Name:StaticMeshActor_UAID_30D042E7D367A3C101_1521140658 Label:Sphere3 SpatiallyLoaded:1 Bounds:IsValid=true, Min=(X=1620.000 Y=-944.455 Z=1020.000), Max=(X=1720.000 Y=-844.455 Z=1120.000) RuntimeGrid:None EditorOnly:0 RuntimeOnly:0 HLODRelevant:1
 |   |   |- [+] [ 30]
 |   |   |   |- Guid:86780C21446938CDF6BBD9AB8629D189 BaseClass:/Game/AI/BP_GnomeSpawnPoint.BP_GnomeSpawnPoint_C NativeClass:/Script/Engine.Actor Name:BP_GnomeSpawnPoint_C_UAID_30D042E7D3670AD701_1691493959 Label:BP_GnomeSpawnPoint SpatiallyLoaded:1 Bounds:IsValid=true, Min=(X=3486.143 Y=1442.265 Z=-4.681), Max=(X=3557.703 Y=1512.265 Z=175.319) RuntimeGrid:None EditorOnly:0 RuntimeOnly:0 HLODRelevant:0
 |   |   |- [+] [ 31]
 |   |   |   |- Guid:CE8D82634660FCDB3120E2B8D547C533 BaseClass: NativeClass:/Script/Engine.PostProcessVolume Name:PostProcessVolume_0 Label:PostProcessVolume SpatiallyLoaded:0 Bounds:IsValid=true, Min=(X=0.000 Y=0.000 Z=400.000), Max=(X=200.000 Y=200.000 Z=600.000) RuntimeGrid:None EditorOnly:0 RuntimeOnly:0 HLODRelevant:0 FolderPath:Lighting FolderGuid:0BA5F0A04EADB18E70D5B180D08FA34B
 |   |   |- [+] [ 32]
 |   |   |   |- Guid:82AE93F74EB1496844A9FC8E4059EA7D BaseClass: NativeClass:/Script/GeometryCollectionEngine.GeometryCollectionActor Name:GeometryCollectionActor_UAID_F02F74196D86ECD901_1214328849 Label:SM_GnomusEggington_GeometryCollection SpatiallyLoaded:1 Bounds:IsValid=true, Min=(X=2243.345 Y=-315.375 Z=-29.828), Max=(X=2288.477 Y=-269.743 Z=102.591) RuntimeGrid:None EditorOnly:0 RuntimeOnly:0 HLODRelevant:0
 |- ContainerInstances:
 |- [+] MainContainer:
 |   |-        ID: 0x0000000000000000
 |   |-    Bounds: IsValid=false, Min=(X=0.000 Y=0.000 Z=0.000), Max=(X=0.000 Y=0.000 Z=0.000)
 |   |- Transform: 0.000000,0.000000,0.000000|0.000000,0.000000,-0.000000|1.000000,1.000000,1.000000
 |   |- Container: /Game/FirstPerson/Maps/FirstPersonMap
----------------------------------------------------------------------------------------------------------------
FirstPersonMap - Persistent Level
----------------------------------------------------------------------------------------------------------------
Always loaded Actor Count: 63 

----------------------------------------------------------------------------------------------------------------
FirstPersonMap - Runtime Spatial Hash - Streaming Grid - MainGrid
----------------------------------------------------------------------------------------------------------------
            Origin: X=0.000 Y=0.000 Z=0.000
         Cell Size: 12800
      World Bounds: IsValid=false, Min=(X=0.000 Y=0.000 Z=0.000), Max=(X=0.000 Y=0.000 Z=0.000)
     Loading Range: 25600.00
Block Slow Loading: No
 ClientOnlyVisible: No

[+] Grid Levels: 1
 |- Level  0: Cell Count    0 | Cell Size   12800 | Actor Count    0 (0.0%)

[+] Content of Grid Level 0

