[+] Containers:
 |- [+] Container: /Game/FirstPerson/Maps/Title_Screen
 |   |- [+] ActorDescs:
 |   |   |- Guid:006DA40042BF2726180ED6B4C2431E24 BaseClass:/Game/BluePrints/BP_point_pickup.BP_point_pickup_C NativeClass:/Script/Engine.Actor Name:BP_point_pickup_C_UAID_30D042E7D36705B601_1406974231 Label:BP_point_pickup SpatiallyLoaded:1 Bounds:IsValid=true, Min=(X=904.000 Y=1084.000 Z=14.000), Max=(X=936.000 Y=1116.000 Z=46.000) RuntimeGrid:None EditorOnly:0 RuntimeOnly:0 HLODRelevant:0
 |   |   |- Guid:024ADFF74601138F9D87CFA11FF644C4 BaseClass: NativeClass:/Script/Engine.StaticMeshActor Name:StaticMeshActor_UAID_30D042E7D754EEC201_1571127913 Label:Dome_Glass SpatiallyLoaded:1 Bounds:IsValid=true, Min=(X=-1451.711 Y=-441.711 Z=-30.000), Max=(X=4571.710 Y=5581.710 Z=2981.710) RuntimeGrid:None EditorOnly:0 RuntimeOnly:0 HLODRelevant:1
 |   |   |- Guid:07AE5D7942424D8FFB70CEBFF088E2E8 BaseClass: NativeClass:/Script/Engine.SkyAtmosphere Name:SkyAtmosphere_0 Label:SkyAtmosphere SpatiallyLoaded:0 Bounds:IsValid=true, Min=(X=0.000 Y=0.000 Z=1020.000), Max=(X=0.000 Y=0.000 Z=1020.000) RuntimeGrid:None EditorOnly:0 RuntimeOnly:0 HLODRelevant:0 FolderPath:Lighting FolderGuid:0BA5F0A04EADB18E70D5B180D08FA34B
 |   |   |- Guid:141A8A5A4E60E40F158845B5D64661FC BaseClass: NativeClass:/Script/CinematicCamera.CineCameraActor Name:CineCameraActor_UAID_30D042E7D367A1D201_1605903255 Label:CineCameraActor SpatiallyLoaded:0 Bounds:IsValid=true, Min=(X=3545.029 Y=2576.644 Z=1878.885), Max=(X=3545.029 Y=2576.644 Z=1878.885) RuntimeGrid:None EditorOnly:0 RuntimeOnly:0 HLODRelevant:0
 |   |   |- Guid:18C7BD1548D5978297988393F59CF802 BaseClass:/Game/BluePrints/BP_Buyable_door_04.BP_Buyable_door_04_C NativeClass:/Script/Engine.Actor Name:BP_Buyable_door_04_C_UAID_F02F74196D8659B601_2143661020 Label:BP_Buyable_door_04 SpatiallyLoaded:1 Bounds:IsValid=true, Min=(X=460.000 Y=1805.000 Z=-105.000), Max=(X=560.000 Y=3355.000 Z=345.000) RuntimeGrid:None EditorOnly:0 RuntimeOnly:0 HLODRelevant:0
 |   |   |- Guid:260485D149C8AB770CCA8EBCC1675D81 BaseClass:/Game/AI/BP_enemy_character.BP_enemy_character_C NativeClass:/Script/Engine.Character Name:BP_enemy_character_C_UAID_30D042E7D754E5C201_1862734327 Label:BP_enemy_character SpatiallyLoaded:1 Bounds:IsValid=true, Min=(X=2213.441 Y=760.140 Z=-32.654), Max=(X=2400.763 Y=879.860 Z=147.346) RuntimeGrid:None EditorOnly:0 RuntimeOnly:0 HLODRelevant:0
 |   |   |- Guid:291E4E2F432F2E686B4B8094E10328F9 BaseClass:/Game/BluePrints/BP_seedbox.BP_seedbox_C NativeClass:/Script/Engine.Actor Name:BP_seed_C_UAID_30D042E7D3670AC101_1293795728 Label:BP_seed SpatiallyLoaded:1 Bounds:IsValid=true, Min=(X=1270.000 Y=230.000 Z=-50.000), Max=(X=1370.000 Y=330.000 Z=50.000) RuntimeGrid:None EditorOnly:0 RuntimeOnly:0 HLODRelevant:0
 |   |   |- Guid:303F21F24840260568D5AE9DADCA7266 BaseClass:/Game/BluePrints/BP_Buyable_door_03.BP_Buyable_door_03_C NativeClass:/Script/Engine.Actor Name:BP_Buyable_door_03_C_UAID_F02F74196D8659B601_2089194019 Label:BP_Buyable_door_03 SpatiallyLoaded:1 Bounds:IsValid=true, Min=(X=2780.000 Y=1825.000 Z=-105.000), Max=(X=2880.000 Y=3375.000 Z=345.000) RuntimeGrid:None EditorOnly:0 RuntimeOnly:0 HLODRelevant:0
 |   |   |- Guid:412CF1E94766F04E69431C8B03851ECD BaseClass:/Game/BluePrints/BP_Buyable_door_02.BP_Buyable_door_02_C NativeClass:/Script/Engine.Actor Name:BP_Buyable_door_02_C_UAID_F02F74196D8659B601_2032883018 Label:BP_Buyable_door_02 SpatiallyLoaded:1 Bounds:IsValid=true, Min=(X=895.000 Y=3570.000 Z=-105.000), Max=(X=2445.000 Y=3670.000 Z=345.000) RuntimeGrid:None EditorOnly:0 RuntimeOnly:0 HLODRelevant:0
 |   |   |- Guid:50859553402C4FFC3BE8A5BE676D3AD5 BaseClass: NativeClass:/Script/Engine.StaticMeshActor Name:StaticMeshActor_UAID_30D042E7D754EDC201_1547938736 Label:Dome SpatiallyLoaded:1 Bounds:IsValid=true, Min=(X=-1466.791 Y=-455.800 Z=-33.995), Max=(X=4584.807 Y=5595.799 Z=2982.989) RuntimeGrid:None EditorOnly:0 RuntimeOnly:0 HLODRelevant:1
 |   |   |- Guid:5A9AED1149048FA08504CBB71AD95B03 BaseClass: NativeClass:/Script/Engine.StaticMeshActor Name:StaticMeshActor_UAID_30D042E7D367A3C101_1521140658 Label:Sphere3 SpatiallyLoaded:1 Bounds:IsValid=true, Min=(X=1620.000 Y=-160.000 Z=1020.000), Max=(X=1720.000 Y=-60.000 Z=1120.000) RuntimeGrid:None EditorOnly:0 RuntimeOnly:0 HLODRelevant:1
 |   |   |- Guid:6C9844A64C39A72E4CC2A6BBA21CFE34 BaseClass: NativeClass:/Script/Engine.SkyLight Name:SkyLight_0 Label:SkyLight SpatiallyLoaded:0 Bounds:IsValid=true, Min=(X=0.000 Y=0.000 Z=690.000), Max=(X=0.000 Y=0.000 Z=690.000) RuntimeGrid:None EditorOnly:0 RuntimeOnly:0 HLODRelevant:0 FolderPath:Lighting FolderGuid:0BA5F0A04EADB18E70D5B180D08FA34B
 |   |   |- Guid:7A01697740AAD7B42D6B8BA197DC81C1 BaseClass: NativeClass:/Script/Engine.DirectionalLight Name:DirectionalLight_1 Label:DirectionalLight SpatiallyLoaded:0 Bounds:IsValid=true, Min=(X=-4398046511104.000 Y=-4398046511104.000 Z=-4398046511104.000), Max=(X=4398046511104.000 Y=4398046511104.000 Z=4398046511104.000) RuntimeGrid:None EditorOnly:0 RuntimeOnly:0 HLODRelevant:0 FolderPath:Lighting FolderGuid:0BA5F0A04EADB18E70D5B180D08FA34B
 |   |   |- Guid:8049FA37452AA19F172ECC87CBC5BEB0 BaseClass: NativeClass:/Script/NavigationSystem.RecastNavMesh Name:RecastNavMesh_UAID_F02F74196D8624BA01-Default Label:RecastNavMesh-Default SpatiallyLoaded:0 Bounds:IsValid=true, Min=(X=0.000 Y=0.000 Z=0.000), Max=(X=0.000 Y=0.000 Z=0.000) RuntimeGrid:None EditorOnly:0 RuntimeOnly:0 HLODRelevant:0
 |   |   |- Guid:9D012EF842A3A8F676FA77862084AE23 BaseClass:/Game/BluePrints/BP_Planter.BP_Planter_C NativeClass:/Script/Engine.Actor Name:BP_Planter_C_UAID_F02F74196D865AB601_1177287197 Label:BP_Planter SpatiallyLoaded:1 Bounds:IsValid=true, Min=(X=1340.000 Y=4250.000 Z=-2.000), Max=(X=1980.000 Y=5129.993 Z=407.065) RuntimeGrid:None EditorOnly:0 RuntimeOnly:0 HLODRelevant:0
 |   |   |- Guid:A28B38A8463847F6DD66ADBFEED2BAD8 BaseClass: NativeClass:/Script/Engine.WorldDataLayers Name:WorldDataLayers Label:WorldDataLayers SpatiallyLoaded:0 Bounds:IsValid=true, Min=(X=0.000 Y=0.000 Z=0.000), Max=(X=0.000 Y=0.000 Z=0.000) RuntimeGrid:None EditorOnly:0 RuntimeOnly:0 HLODRelevant:0
 |   |   |- Guid:A968C8E94A44CF954AF4CF807B4E4313 BaseClass:/Game/FirstPerson/Blueprints/BP_Pickup_Rifle.BP_Pickup_Rifle_C NativeClass:/Script/Engine.Actor Name:BP_Rifle_C_1 Label:BP_Pickup_Rifle SpatiallyLoaded:1 Bounds:IsValid=true, Min=(X=848.000 Y=508.000 Z=64.000), Max=(X=912.000 Y=597.440 Z=128.000) RuntimeGrid:None EditorOnly:0 RuntimeOnly:0 HLODRelevant:0
 |   |   |- Guid:ABD0530843D9248F531D1AA1AEFCC67E BaseClass: NativeClass:/Script/NavigationSystem.NavMeshBoundsVolume Name:NavMeshBoundsVolume_UAID_F02F74196D8624BA01_2039109914 Label:NavMeshBoundsVolume SpatiallyLoaded:0 Bounds:IsValid=true, Min=(X=-1290.000 Y=-1945.000 Z=-100.000), Max=(X=4710.000 Y=5805.000 Z=100.000) RuntimeGrid:None EditorOnly:0 RuntimeOnly:0 HLODRelevant:0
 |   |   |- Guid:B4FF0006445CDF88AC288BB8F14664C9 BaseClass: NativeClass:/Script/Engine.StaticMeshActor Name:StaticMeshActor_UAID_30D042E7D36706B601_1782873407 Label:M_Planter SpatiallyLoaded:1 Bounds:IsValid=true, Min=(X=1560.361 Y=2439.275 Z=152.500), Max=(X=1820.119 Y=2701.207 Z=207.500) RuntimeGrid:None EditorOnly:0 RuntimeOnly:0 HLODRelevant:1
 |   |   |- Guid:C2F7E0F148C7FE0B585872B08F628B88 BaseClass: NativeClass:/Script/Engine.PostProcessVolume Name:PostProcessVolume_0 Label:PostProcessVolume SpatiallyLoaded:0 Bounds:IsValid=true, Min=(X=0.000 Y=0.000 Z=400.000), Max=(X=200.000 Y=200.000 Z=600.000) RuntimeGrid:None EditorOnly:0 RuntimeOnly:0 HLODRelevant:0 FolderPath:Lighting FolderGuid:0BA5F0A04EADB18E70D5B180D08FA34B
 |   |   |- Guid:C5A357E74CC6042AC37A9B85734CBC4A BaseClass: NativeClass:/Script/Engine.StaticMeshActor Name:StaticMeshActor_UAID_30D042E7D367A3C101_1508880657 Label:Sphere2 SpatiallyLoaded:1 Bounds:IsValid=true, Min=(X=1655.000 Y=-185.000 Z=815.000), Max=(X=1805.000 Y=-35.000 Z=965.000) RuntimeGrid:None EditorOnly:0 RuntimeOnly:0 HLODRelevant:1
 |   |   |- Guid:D24FD8C34CB4DB007BE4A7BE817099FB BaseClass: NativeClass:/Script/Engine.VolumetricCloud Name:VolumetricCloud_0 Label:VolumetricCloud SpatiallyLoaded:0 Bounds:IsValid=true, Min=(X=0.000 Y=0.000 Z=820.000), Max=(X=0.000 Y=0.000 Z=820.000) RuntimeGrid:None EditorOnly:0 RuntimeOnly:0 HLODRelevant:0 FolderPath:Lighting FolderGuid:0BA5F0A04EADB18E70D5B180D08FA34B
 |   |   |- Guid:DFFA3F264A2CB6EFE98194B53D598BB8 BaseClass:/Game/BluePrints/BP_Planter.BP_Planter_C NativeClass:/Script/Engine.Actor Name:BP_Planter_C_UAID_F02F74196D865AB601_1179498198 Label:BP_Planter2 SpatiallyLoaded:1 Bounds:IsValid=true, Min=(X=3330.000 Y=2290.000 Z=-2.000), Max=(X=4209.993 Y=2930.000 Z=407.065) RuntimeGrid:None EditorOnly:0 RuntimeOnly:0 HLODRelevant:0
 |   |   |- Guid:E0C8DD7243619BC134F6A5A2BE1FF86E BaseClass: NativeClass:/Script/Engine.ExponentialHeightFog Name:ExponentialHeightFog_0 Label:ExponentialHeightFog SpatiallyLoaded:0 Bounds:IsValid=true, Min=(X=-5600.000 Y=-50.000 Z=-6850.000), Max=(X=-5600.000 Y=-50.000 Z=-6850.000) RuntimeGrid:None EditorOnly:0 RuntimeOnly:0 HLODRelevant:0 FolderPath:Lighting FolderGuid:0BA5F0A04EADB18E70D5B180D08FA34B
 |   |   |- Guid:E4D4CE4F43BE080A92996893EADB0B21 BaseClass: NativeClass:/Script/Engine.StaticMeshActor Name:StaticMeshActor_UAID_30D042E7D367A3C101_1501458656 Label:Sphere SpatiallyLoaded:1 Bounds:IsValid=true, Min=(X=1545.000 Y=-185.000 Z=815.000), Max=(X=1695.000 Y=-35.000 Z=965.000) RuntimeGrid:None EditorOnly:0 RuntimeOnly:0 HLODRelevant:1
 |   |   |- Guid:EC3355B648D188586F25DCB5EE3CC137 BaseClass:/Game/BluePrints/BP_Planter.BP_Planter_C NativeClass:/Script/Engine.Actor Name:BP_Planter_C_UAID_30D042E7D36738B801_1119087319 Label:BP_Planter4 SpatiallyLoaded:1 Bounds:IsValid=true, Min=(X=1350.000 Y=0.007 Z=-34.654), Max=(X=1990.000 Y=880.000 Z=374.411) RuntimeGrid:None EditorOnly:0 RuntimeOnly:0 HLODRelevant:0
 |   |   |- Guid:F0D6280542686822543643BA3552D573 BaseClass: NativeClass:/Script/Engine.StaticMeshActor Name:StaticMeshActor_UAID_30D042E7D367A3C101_1489739655 Label:Cylinder SpatiallyLoaded:1 Bounds:IsValid=true, Min=(X=1620.000 Y=-160.000 Z=857.500), Max=(X=1720.000 Y=-60.000 Z=1082.500) RuntimeGrid:None EditorOnly:0 RuntimeOnly:0 HLODRelevant:1
 |   |   |- Guid:F99BE9B84F503F06C0F2F588966F115B BaseClass:/Game/BluePrints/BP_Buyable_door_01.BP_Buyable_door_01_C NativeClass:/Script/Engine.Actor Name:BP_Buyable_door_master_C_UAID_F02F74196D8658B601_1788022841 Label:BP_Buyable_door_master SpatiallyLoaded:1 Bounds:IsValid=true, Min=(X=905.000 Y=1460.000 Z=-105.000), Max=(X=2455.000 Y=1560.000 Z=345.000) RuntimeGrid:None EditorOnly:0 RuntimeOnly:0 HLODRelevant:0
 |   |   |- Guid:FDE1C8BB4692AD1251D1AD90A17FE374 BaseClass:/Game/BluePrints/BP_Planter.BP_Planter_C NativeClass:/Script/Engine.Actor Name:BP_Planter_C_UAID_F02F74196D865AB601_1182162199 Label:BP_Planter3 SpatiallyLoaded:1 Bounds:IsValid=true, Min=(X=-869.993 Y=2240.000 Z=-2.000), Max=(X=10.000 Y=2880.000 Z=407.065) RuntimeGrid:None EditorOnly:0 RuntimeOnly:0 HLODRelevant:0
 |   |   |- Guid:FDF8802E48F3A391C7D1D4B54FD63FBC BaseClass: NativeClass:/Script/LevelSequence.LevelSequenceActor Name:LevelSequenceActor_UAID_30D042E7D367A2D201_1431418432 Label:LS_title SpatiallyLoaded:0 Bounds:IsValid=true, Min=(X=2203.276 Y=2262.514 Z=2157.096), Max=(X=2203.276 Y=2262.514 Z=2157.096) RuntimeGrid:None EditorOnly:0 RuntimeOnly:0 HLODRelevant:0
 |   |- [+] Clusters:
 |   |   |- [+] [  0]
 |   |   |   |- Guid:6C9844A64C39A72E4CC2A6BBA21CFE34 BaseClass: NativeClass:/Script/Engine.SkyLight Name:SkyLight_0 Label:SkyLight SpatiallyLoaded:0 Bounds:IsValid=true, Min=(X=0.000 Y=0.000 Z=690.000), Max=(X=0.000 Y=0.000 Z=690.000) RuntimeGrid:None EditorOnly:0 RuntimeOnly:0 HLODRelevant:0 FolderPath:Lighting FolderGuid:0BA5F0A04EADB18E70D5B180D08FA34B
 |   |   |- [+] [  1]
 |   |   |   |- Guid:E0C8DD7243619BC134F6A5A2BE1FF86E BaseClass: NativeClass:/Script/Engine.ExponentialHeightFog Name:ExponentialHeightFog_0 Label:ExponentialHeightFog SpatiallyLoaded:0 Bounds:IsValid=true, Min=(X=-5600.000 Y=-50.000 Z=-6850.000), Max=(X=-5600.000 Y=-50.000 Z=-6850.000) RuntimeGrid:None EditorOnly:0 RuntimeOnly:0 HLODRelevant:0 FolderPath:Lighting FolderGuid:0BA5F0A04EADB18E70D5B180D08FA34B
 |   |   |- [+] [  2]
 |   |   |   |- Guid:B4FF0006445CDF88AC288BB8F14664C9 BaseClass: NativeClass:/Script/Engine.StaticMeshActor Name:StaticMeshActor_UAID_30D042E7D36706B601_1782873407 Label:M_Planter SpatiallyLoaded:1 Bounds:IsValid=true, Min=(X=1560.361 Y=2439.275 Z=152.500), Max=(X=1820.119 Y=2701.207 Z=207.500) RuntimeGrid:None EditorOnly:0 RuntimeOnly:0 HLODRelevant:1
 |   |   |- [+] [  3]
 |   |   |   |- Guid:ABD0530843D9248F531D1AA1AEFCC67E BaseClass: NativeClass:/Script/NavigationSystem.NavMeshBoundsVolume Name:NavMeshBoundsVolume_UAID_F02F74196D8624BA01_2039109914 Label:NavMeshBoundsVolume SpatiallyLoaded:0 Bounds:IsValid=true, Min=(X=-1290.000 Y=-1945.000 Z=-100.000), Max=(X=4710.000 Y=5805.000 Z=100.000) RuntimeGrid:None EditorOnly:0 RuntimeOnly:0 HLODRelevant:0
 |   |   |- [+] [  4]
 |   |   |   |- Guid:7A01697740AAD7B42D6B8BA197DC81C1 BaseClass: NativeClass:/Script/Engine.DirectionalLight Name:DirectionalLight_1 Label:DirectionalLight SpatiallyLoaded:0 Bounds:IsValid=true, Min=(X=-4398046511104.000 Y=-4398046511104.000 Z=-4398046511104.000), Max=(X=4398046511104.000 Y=4398046511104.000 Z=4398046511104.000) RuntimeGrid:None EditorOnly:0 RuntimeOnly:0 HLODRelevant:0 FolderPath:Lighting FolderGuid:0BA5F0A04EADB18E70D5B180D08FA34B
 |   |   |- [+] [  5]
 |   |   |   |- Guid:C5A357E74CC6042AC37A9B85734CBC4A BaseClass: NativeClass:/Script/Engine.StaticMeshActor Name:StaticMeshActor_UAID_30D042E7D367A3C101_1508880657 Label:Sphere2 SpatiallyLoaded:1 Bounds:IsValid=true, Min=(X=1655.000 Y=-185.000 Z=815.000), Max=(X=1805.000 Y=-35.000 Z=965.000) RuntimeGrid:None EditorOnly:0 RuntimeOnly:0 HLODRelevant:1
 |   |   |- [+] [  6]
 |   |   |   |- Guid:412CF1E94766F04E69431C8B03851ECD BaseClass:/Game/BluePrints/BP_Buyable_door_02.BP_Buyable_door_02_C NativeClass:/Script/Engine.Actor Name:BP_Buyable_door_02_C_UAID_F02F74196D8659B601_2032883018 Label:BP_Buyable_door_02 SpatiallyLoaded:1 Bounds:IsValid=true, Min=(X=895.000 Y=3570.000 Z=-105.000), Max=(X=2445.000 Y=3670.000 Z=345.000) RuntimeGrid:None EditorOnly:0 RuntimeOnly:0 HLODRelevant:0
 |   |   |- [+] [  7]
 |   |   |   |- Guid:A968C8E94A44CF954AF4CF807B4E4313 BaseClass:/Game/FirstPerson/Blueprints/BP_Pickup_Rifle.BP_Pickup_Rifle_C NativeClass:/Script/Engine.Actor Name:BP_Rifle_C_1 Label:BP_Pickup_Rifle SpatiallyLoaded:1 Bounds:IsValid=true, Min=(X=848.000 Y=508.000 Z=64.000), Max=(X=912.000 Y=597.440 Z=128.000) RuntimeGrid:None EditorOnly:0 RuntimeOnly:0 HLODRelevant:0
 |   |   |- [+] [  8]
 |   |   |   |- Guid:F0D6280542686822543643BA3552D573 BaseClass: NativeClass:/Script/Engine.StaticMeshActor Name:StaticMeshActor_UAID_30D042E7D367A3C101_1489739655 Label:Cylinder SpatiallyLoaded:1 Bounds:IsValid=true, Min=(X=1620.000 Y=-160.000 Z=857.500), Max=(X=1720.000 Y=-60.000 Z=1082.500) RuntimeGrid:None EditorOnly:0 RuntimeOnly:0 HLODRelevant:1
 |   |   |- [+] [  9]
 |   |   |   |- Guid:A28B38A8463847F6DD66ADBFEED2BAD8 BaseClass: NativeClass:/Script/Engine.WorldDataLayers Name:WorldDataLayers Label:WorldDataLayers SpatiallyLoaded:0 Bounds:IsValid=true, Min=(X=0.000 Y=0.000 Z=0.000), Max=(X=0.000 Y=0.000 Z=0.000) RuntimeGrid:None EditorOnly:0 RuntimeOnly:0 HLODRelevant:0
 |   |   |- [+] [ 10]
 |   |   |   |- Guid:5A9AED1149048FA08504CBB71AD95B03 BaseClass: NativeClass:/Script/Engine.StaticMeshActor Name:StaticMeshActor_UAID_30D042E7D367A3C101_1521140658 Label:Sphere3 SpatiallyLoaded:1 Bounds:IsValid=true, Min=(X=1620.000 Y=-160.000 Z=1020.000), Max=(X=1720.000 Y=-60.000 Z=1120.000) RuntimeGrid:None EditorOnly:0 RuntimeOnly:0 HLODRelevant:1
 |   |   |- [+] [ 11]
 |   |   |   |- Guid:EC3355B648D188586F25DCB5EE3CC137 BaseClass:/Game/BluePrints/BP_Planter.BP_Planter_C NativeClass:/Script/Engine.Actor Name:BP_Planter_C_UAID_30D042E7D36738B801_1119087319 Label:BP_Planter4 SpatiallyLoaded:1 Bounds:IsValid=true, Min=(X=1350.000 Y=0.007 Z=-34.654), Max=(X=1990.000 Y=880.000 Z=374.411) RuntimeGrid:None EditorOnly:0 RuntimeOnly:0 HLODRelevant:0
 |   |   |- [+] [ 12]
 |   |   |   |- Guid:006DA40042BF2726180ED6B4C2431E24 BaseClass:/Game/BluePrints/BP_point_pickup.BP_point_pickup_C NativeClass:/Script/Engine.Actor Name:BP_point_pickup_C_UAID_30D042E7D36705B601_1406974231 Label:BP_point_pickup SpatiallyLoaded:1 Bounds:IsValid=true, Min=(X=904.000 Y=1084.000 Z=14.000), Max=(X=936.000 Y=1116.000 Z=46.000) RuntimeGrid:None EditorOnly:0 RuntimeOnly:0 HLODRelevant:0
 |   |   |- [+] [ 13]
 |   |   |   |- Guid:50859553402C4FFC3BE8A5BE676D3AD5 BaseClass: NativeClass:/Script/Engine.StaticMeshActor Name:StaticMeshActor_UAID_30D042E7D754EDC201_1547938736 Label:Dome SpatiallyLoaded:1 Bounds:IsValid=true, Min=(X=-1466.791 Y=-455.800 Z=-33.995), Max=(X=4584.807 Y=5595.799 Z=2982.989) RuntimeGrid:None EditorOnly:0 RuntimeOnly:0 HLODRelevant:1
 |   |   |- [+] [ 14]
 |   |   |   |- Guid:E4D4CE4F43BE080A92996893EADB0B21 BaseClass: NativeClass:/Script/Engine.StaticMeshActor Name:StaticMeshActor_UAID_30D042E7D367A3C101_1501458656 Label:Sphere SpatiallyLoaded:1 Bounds:IsValid=true, Min=(X=1545.000 Y=-185.000 Z=815.000), Max=(X=1695.000 Y=-35.000 Z=965.000) RuntimeGrid:None EditorOnly:0 RuntimeOnly:0 HLODRelevant:1
 |   |   |- [+] [ 15]
 |   |   |   |- Guid:D24FD8C34CB4DB007BE4A7BE817099FB BaseClass: NativeClass:/Script/Engine.VolumetricCloud Name:VolumetricCloud_0 Label:VolumetricCloud SpatiallyLoaded:0 Bounds:IsValid=true, Min=(X=0.000 Y=0.000 Z=820.000), Max=(X=0.000 Y=0.000 Z=820.000) RuntimeGrid:None EditorOnly:0 RuntimeOnly:0 HLODRelevant:0 FolderPath:Lighting FolderGuid:0BA5F0A04EADB18E70D5B180D08FA34B
 |   |   |- [+] [ 16]
 |   |   |   |- Guid:8049FA37452AA19F172ECC87CBC5BEB0 BaseClass: NativeClass:/Script/NavigationSystem.RecastNavMesh Name:RecastNavMesh_UAID_F02F74196D8624BA01-Default Label:RecastNavMesh-Default SpatiallyLoaded:0 Bounds:IsValid=true, Min=(X=0.000 Y=0.000 Z=0.000), Max=(X=0.000 Y=0.000 Z=0.000) RuntimeGrid:None EditorOnly:0 RuntimeOnly:0 HLODRelevant:0
 |   |   |- [+] [ 17]
 |   |   |   |- Guid:9D012EF842A3A8F676FA77862084AE23 BaseClass:/Game/BluePrints/BP_Planter.BP_Planter_C NativeClass:/Script/Engine.Actor Name:BP_Planter_C_UAID_F02F74196D865AB601_1177287197 Label:BP_Planter SpatiallyLoaded:1 Bounds:IsValid=true, Min=(X=1340.000 Y=4250.000 Z=-2.000), Max=(X=1980.000 Y=5129.993 Z=407.065) RuntimeGrid:None EditorOnly:0 RuntimeOnly:0 HLODRelevant:0
 |   |   |- [+] [ 18]
 |   |   |   |- Guid:C2F7E0F148C7FE0B585872B08F628B88 BaseClass: NativeClass:/Script/Engine.PostProcessVolume Name:PostProcessVolume_0 Label:PostProcessVolume SpatiallyLoaded:0 Bounds:IsValid=true, Min=(X=0.000 Y=0.000 Z=400.000), Max=(X=200.000 Y=200.000 Z=600.000) RuntimeGrid:None EditorOnly:0 RuntimeOnly:0 HLODRelevant:0 FolderPath:Lighting FolderGuid:0BA5F0A04EADB18E70D5B180D08FA34B
 |   |   |- [+] [ 19]
 |   |   |   |- Guid:260485D149C8AB770CCA8EBCC1675D81 BaseClass:/Game/AI/BP_enemy_character.BP_enemy_character_C NativeClass:/Script/Engine.Character Name:BP_enemy_character_C_UAID_30D042E7D754E5C201_1862734327 Label:BP_enemy_character SpatiallyLoaded:1 Bounds:IsValid=true, Min=(X=2213.441 Y=760.140 Z=-32.654), Max=(X=2400.763 Y=879.860 Z=147.346) RuntimeGrid:None EditorOnly:0 RuntimeOnly:0 HLODRelevant:0
 |   |   |- [+] [ 20]
 |   |   |   |- Guid:141A8A5A4E60E40F158845B5D64661FC BaseClass: NativeClass:/Script/CinematicCamera.CineCameraActor Name:CineCameraActor_UAID_30D042E7D367A1D201_1605903255 Label:CineCameraActor SpatiallyLoaded:0 Bounds:IsValid=true, Min=(X=3545.029 Y=2576.644 Z=1878.885), Max=(X=3545.029 Y=2576.644 Z=1878.885) RuntimeGrid:None EditorOnly:0 RuntimeOnly:0 HLODRelevant:0
 |   |   |- [+] [ 21]
 |   |   |   |- Guid:DFFA3F264A2CB6EFE98194B53D598BB8 BaseClass:/Game/BluePrints/BP_Planter.BP_Planter_C NativeClass:/Script/Engine.Actor Name:BP_Planter_C_UAID_F02F74196D865AB601_1179498198 Label:BP_Planter2 SpatiallyLoaded:1 Bounds:IsValid=true, Min=(X=3330.000 Y=2290.000 Z=-2.000), Max=(X=4209.993 Y=2930.000 Z=407.065) RuntimeGrid:None EditorOnly:0 RuntimeOnly:0 HLODRelevant:0
 |   |   |- [+] [ 22]
 |   |   |   |- Guid:FDE1C8BB4692AD1251D1AD90A17FE374 BaseClass:/Game/BluePrints/BP_Planter.BP_Planter_C NativeClass:/Script/Engine.Actor Name:BP_Planter_C_UAID_F02F74196D865AB601_1182162199 Label:BP_Planter3 SpatiallyLoaded:1 Bounds:IsValid=true, Min=(X=-869.993 Y=2240.000 Z=-2.000), Max=(X=10.000 Y=2880.000 Z=407.065) RuntimeGrid:None EditorOnly:0 RuntimeOnly:0 HLODRelevant:0
 |   |   |- [+] [ 23]
 |   |   |   |- Guid:024ADFF74601138F9D87CFA11FF644C4 BaseClass: NativeClass:/Script/Engine.StaticMeshActor Name:StaticMeshActor_UAID_30D042E7D754EEC201_1571127913 Label:Dome_Glass SpatiallyLoaded:1 Bounds:IsValid=true, Min=(X=-1451.711 Y=-441.711 Z=-30.000), Max=(X=4571.710 Y=5581.710 Z=2981.710) RuntimeGrid:None EditorOnly:0 RuntimeOnly:0 HLODRelevant:1
 |   |   |- [+] [ 24]
 |   |   |   |- Guid:303F21F24840260568D5AE9DADCA7266 BaseClass:/Game/BluePrints/BP_Buyable_door_03.BP_Buyable_door_03_C NativeClass:/Script/Engine.Actor Name:BP_Buyable_door_03_C_UAID_F02F74196D8659B601_2089194019 Label:BP_Buyable_door_03 SpatiallyLoaded:1 Bounds:IsValid=true, Min=(X=2780.000 Y=1825.000 Z=-105.000), Max=(X=2880.000 Y=3375.000 Z=345.000) RuntimeGrid:None EditorOnly:0 RuntimeOnly:0 HLODRelevant:0
 |   |   |- [+] [ 25]
 |   |   |   |- Guid:18C7BD1548D5978297988393F59CF802 BaseClass:/Game/BluePrints/BP_Buyable_door_04.BP_Buyable_door_04_C NativeClass:/Script/Engine.Actor Name:BP_Buyable_door_04_C_UAID_F02F74196D8659B601_2143661020 Label:BP_Buyable_door_04 SpatiallyLoaded:1 Bounds:IsValid=true, Min=(X=460.000 Y=1805.000 Z=-105.000), Max=(X=560.000 Y=3355.000 Z=345.000) RuntimeGrid:None EditorOnly:0 RuntimeOnly:0 HLODRelevant:0
 |   |   |- [+] [ 26]
 |   |   |   |- Guid:07AE5D7942424D8FFB70CEBFF088E2E8 BaseClass: NativeClass:/Script/Engine.SkyAtmosphere Name:SkyAtmosphere_0 Label:SkyAtmosphere SpatiallyLoaded:0 Bounds:IsValid=true, Min=(X=0.000 Y=0.000 Z=1020.000), Max=(X=0.000 Y=0.000 Z=1020.000) RuntimeGrid:None EditorOnly:0 RuntimeOnly:0 HLODRelevant:0 FolderPath:Lighting FolderGuid:0BA5F0A04EADB18E70D5B180D08FA34B
 |   |   |- [+] [ 27]
 |   |   |   |- Guid:FDF8802E48F3A391C7D1D4B54FD63FBC BaseClass: NativeClass:/Script/LevelSequence.LevelSequenceActor Name:LevelSequenceActor_UAID_30D042E7D367A2D201_1431418432 Label:LS_title SpatiallyLoaded:0 Bounds:IsValid=true, Min=(X=2203.276 Y=2262.514 Z=2157.096), Max=(X=2203.276 Y=2262.514 Z=2157.096) RuntimeGrid:None EditorOnly:0 RuntimeOnly:0 HLODRelevant:0
 |   |   |- [+] [ 28]
 |   |   |   |- Guid:291E4E2F432F2E686B4B8094E10328F9 BaseClass:/Game/BluePrints/BP_seedbox.BP_seedbox_C NativeClass:/Script/Engine.Actor Name:BP_seed_C_UAID_30D042E7D3670AC101_1293795728 Label:BP_seed SpatiallyLoaded:1 Bounds:IsValid=true, Min=(X=1270.000 Y=230.000 Z=-50.000), Max=(X=1370.000 Y=330.000 Z=50.000) RuntimeGrid:None EditorOnly:0 RuntimeOnly:0 HLODRelevant:0
 |   |   |- [+] [ 29]
 |   |   |   |- Guid:F99BE9B84F503F06C0F2F588966F115B BaseClass:/Game/BluePrints/BP_Buyable_door_01.BP_Buyable_door_01_C NativeClass:/Script/Engine.Actor Name:BP_Buyable_door_master_C_UAID_F02F74196D8658B601_1788022841 Label:BP_Buyable_door_master SpatiallyLoaded:1 Bounds:IsValid=true, Min=(X=905.000 Y=1460.000 Z=-105.000), Max=(X=2455.000 Y=1560.000 Z=345.000) RuntimeGrid:None EditorOnly:0 RuntimeOnly:0 HLODRelevant:0
 |- ContainerInstances:
 |- [+] MainContainer:
 |   |-        ID: 0x0000000000000000
 |   |-    Bounds: IsValid=false, Min=(X=0.000 Y=0.000 Z=0.000), Max=(X=0.000 Y=0.000 Z=0.000)
 |   |- Transform: 0.000000,0.000000,0.000000|0.000000,0.000000,-0.000000|1.000000,1.000000,1.000000
 |   |- Container: /Game/FirstPerson/Maps/Title_Screen
----------------------------------------------------------------------------------------------------------------
Title_Screen - Persistent Level
----------------------------------------------------------------------------------------------------------------
Always loaded Actor Count: 57 

----------------------------------------------------------------------------------------------------------------
Title_Screen - Runtime Spatial Hash - Streaming Grid - MainGrid
----------------------------------------------------------------------------------------------------------------
            Origin: X=0.000 Y=0.000 Z=0.000
         Cell Size: 12800
      World Bounds: IsValid=false, Min=(X=0.000 Y=0.000 Z=0.000), Max=(X=0.000 Y=0.000 Z=0.000)
     Loading Range: 25600.00
Block Slow Loading: No
 ClientOnlyVisible: No

[+] Grid Levels: 1
 |- Level  0: Cell Count    0 | Cell Size   12800 | Actor Count    0 (0.0%)

[+] Content of Grid Level 0

