[+] Containers:
 |- [+] Container: /Game/FirstPerson/Maps/FirstPersonMap
 |   |- [+] ActorDescs:
 |   |   |- Guid:17AFFD0B471A35DCA6D390A531CB0D7A BaseClass:/Game/BluePrints/BP_Buyable_door_03.BP_Buyable_door_03_C NativeClass:/Script/Engine.Actor Name:BP_Buyable_door_03_C_UAID_F02F74196D8659B601_2089194019 Label:BP_Buyable_door_03 SpatiallyLoaded:1 Bounds:IsValid=true, Min=(X=2780.000 Y=1825.000 Z=-105.000), Max=(X=2880.000 Y=3375.000 Z=345.000) RuntimeGrid:None EditorOnly:0 RuntimeOnly:0 HLODRelevant:0
 |   |   |- Guid:242DC6014BC97AB01E7C83BC2F973247 BaseClass:/Game/BP_point_pickup.BP_point_pickup_C NativeClass:/Script/Engine.Actor Name:BP_point_pickup_C_UAID_30D042E7D367A3B101_1289413759 Label:BP_point_pickup SpatiallyLoaded:1 Bounds:IsValid=true, Min=(X=1104.000 Y=844.000 Z=-16.000), Max=(X=1136.000 Y=876.000 Z=16.000) RuntimeGrid:None EditorOnly:0 RuntimeOnly:0 HLODRelevant:0
 |   |   |- Guid:293765E848FCA1D1C5DCF6AB344DD94D BaseClass:/Game/BluePrints/BP_point_pickup.BP_point_pickup_C NativeClass:/Script/Engine.Actor Name:BP_point_pickup_C_UAID_30D042E7D36705B601_1406974231 Label:BP_point_pickup SpatiallyLoaded:1 Bounds:IsValid=true, Min=(X=904.000 Y=1084.000 Z=14.000), Max=(X=936.000 Y=1116.000 Z=46.000) RuntimeGrid:None EditorOnly:0 RuntimeOnly:0 HLODRelevant:0
 |   |   |- Guid:2C17471B457C3E4FF15E498FDAC157CA BaseClass: NativeClass:/Script/Engine.StaticMeshActor Name:StaticMeshActor_UAID_30D042E7D36706B601_1782873407 Label:M_Planter SpatiallyLoaded:1 Bounds:IsValid=true, Min=(X=1560.361 Y=2439.275 Z=152.500), Max=(X=1820.119 Y=2701.207 Z=207.500) RuntimeGrid:None EditorOnly:0 RuntimeOnly:0 HLODRelevant:1
 |   |   |- Guid:4139832C41FC3103D33D658E69E1BC85 BaseClass:/Game/BluePrints/BP_Buyable_door_01.BP_Buyable_door_01_C NativeClass:/Script/Engine.Actor Name:BP_Buyable_door_master_C_UAID_F02F74196D8658B601_1788022841 Label:BP_Buyable_door_master SpatiallyLoaded:1 Bounds:IsValid=true, Min=(X=905.000 Y=1460.000 Z=-105.000), Max=(X=2455.000 Y=1560.000 Z=345.000) RuntimeGrid:None EditorOnly:0 RuntimeOnly:0 HLODRelevant:0
 |   |   |- Guid:476871FB4A4CA844DADFDEB4EAAB40F4 BaseClass:/Game/BluePrints/BP_Planter.BP_Planter_C NativeClass:/Script/Engine.Actor Name:BP_Planter_C_UAID_F02F74196D865AB601_1179498198 Label:BP_Planter2 SpatiallyLoaded:1 Bounds:IsValid=true, Min=(X=3930.361 Y=2479.275 Z=2.500), Max=(X=4190.119 Y=2741.207 Z=57.500) RuntimeGrid:None EditorOnly:0 RuntimeOnly:0 HLODRelevant:0
 |   |   |- Guid:500DAA9940956E57939128978963A6A4 BaseClass:/Game/BluePrints/BP_Planter.BP_Planter_C NativeClass:/Script/Engine.Actor Name:BP_Planter_C_UAID_F02F74196D865AB601_1177287197 Label:BP_Planter SpatiallyLoaded:1 Bounds:IsValid=true, Min=(X=1530.361 Y=4849.275 Z=2.500), Max=(X=1790.119 Y=5111.207 Z=57.500) RuntimeGrid:None EditorOnly:0 RuntimeOnly:0 HLODRelevant:0
 |   |   |- Guid:5FE7584649BB6F09265329A6C57CFD0D BaseClass: NativeClass:/Script/Engine.VolumetricCloud Name:VolumetricCloud_0 Label:VolumetricCloud SpatiallyLoaded:0 Bounds:IsValid=true, Min=(X=0.000 Y=0.000 Z=820.000), Max=(X=0.000 Y=0.000 Z=820.000) RuntimeGrid:None EditorOnly:0 RuntimeOnly:0 HLODRelevant:0 FolderPath:Lighting FolderGuid:0BA5F0A04EADB18E70D5B180D08FA34B
 |   |   |- Guid:61391D344900612A77DFC3BA3E354907 BaseClass: NativeClass:/Script/Engine.ExponentialHeightFog Name:ExponentialHeightFog_0 Label:ExponentialHeightFog SpatiallyLoaded:0 Bounds:IsValid=true, Min=(X=-5600.000 Y=-50.000 Z=-6850.000), Max=(X=-5600.000 Y=-50.000 Z=-6850.000) RuntimeGrid:None EditorOnly:0 RuntimeOnly:0 HLODRelevant:0 FolderPath:Lighting FolderGuid:0BA5F0A04EADB18E70D5B180D08FA34B
 |   |   |- Guid:6FEFB3BD4EB37B849EF0D4AC80F83855 BaseClass: NativeClass:/Script/Engine.WorldDataLayers Name:WorldDataLayers Label:WorldDataLayers SpatiallyLoaded:0 Bounds:IsValid=true, Min=(X=0.000 Y=0.000 Z=0.000), Max=(X=0.000 Y=0.000 Z=0.000) RuntimeGrid:None EditorOnly:0 RuntimeOnly:0 HLODRelevant:0
 |   |   |- Guid:78CAF7514C7533F30BD2F19A017AAB65 BaseClass: NativeClass:/Script/Engine.StaticMeshActor Name:StaticMeshActor_0 Label:SM_Cube SpatiallyLoaded:1 Bounds:IsValid=true, Min=(X=-1040.000 Y=-90.000 Z=-50.000), Max=(X=4410.000 Y=5260.000 Z=0.000) RuntimeGrid:None EditorOnly:0 RuntimeOnly:0 HLODRelevant:1 FolderPath:Playground FolderGuid:6C02BB504B69D1F3D7A624B130C18E5B
 |   |   |- Guid:7FB3C695458C70F6917C92A2B6C5EE65 BaseClass:/Game/BluePrints/BP_Buyable_door_02.BP_Buyable_door_02_C NativeClass:/Script/Engine.Actor Name:BP_Buyable_door_02_C_UAID_F02F74196D8659B601_2032883018 Label:BP_Buyable_door_02 SpatiallyLoaded:1 Bounds:IsValid=true, Min=(X=895.000 Y=3570.000 Z=-105.000), Max=(X=2445.000 Y=3670.000 Z=345.000) RuntimeGrid:None EditorOnly:0 RuntimeOnly:0 HLODRelevant:0
 |   |   |- Guid:9779AD3B4D92F301146762BC2D62FB58 BaseClass:/Game/BluePrints/BP_Buyable_door_04.BP_Buyable_door_04_C NativeClass:/Script/Engine.Actor Name:BP_Buyable_door_04_C_UAID_F02F74196D8659B601_2143661020 Label:BP_Buyable_door_04 SpatiallyLoaded:1 Bounds:IsValid=true, Min=(X=460.000 Y=1805.000 Z=-105.000), Max=(X=560.000 Y=3355.000 Z=345.000) RuntimeGrid:None EditorOnly:0 RuntimeOnly:0 HLODRelevant:0
 |   |   |- Guid:A354B1B24E617A525DC6B48CCDE2417E BaseClass: NativeClass:/Script/Engine.PlayerStart Name:PlayerStart_0 Label:PlayerStart SpatiallyLoaded:0 Bounds:IsValid=true, Min=(X=860.000 Y=810.000 Z=0.013), Max=(X=940.000 Y=890.000 Z=184.013) RuntimeGrid:None EditorOnly:0 RuntimeOnly:0 HLODRelevant:0
 |   |   |- Guid:C0959B1A4C961C1673B50F9F886DBA5D BaseClass:/Game/BP_point_pickup.BP_point_pickup_C NativeClass:/Script/Engine.Actor Name:BP_point_pickup_C_UAID_30D042E7D367A3B101_1291048760 Label:BP_point_pickup2 SpatiallyLoaded:1 Bounds:IsValid=true, Min=(X=1004.000 Y=964.000 Z=-16.000), Max=(X=1036.000 Y=996.000 Z=16.000) RuntimeGrid:None EditorOnly:0 RuntimeOnly:0 HLODRelevant:0
 |   |   |- Guid:C0C56B9644AE3D40CAFF6A878DB29844 BaseClass: NativeClass:/Script/Engine.StaticMeshActor Name:StaticMeshActor_UAID_A4AE111137DC5EFB00_2001720423 Label:SM_SkySphere SpatiallyLoaded:0 Bounds:IsValid=true, Min=(X=-1638400.000 Y=-1639300.000 Z=-1638400.000), Max=(X=1638400.000 Y=1637500.000 Z=1638400.000) RuntimeGrid:None EditorOnly:0 RuntimeOnly:0 HLODRelevant:1 FolderPath:Lighting FolderGuid:0BA5F0A04EADB18E70D5B180D08FA34B
 |   |   |- Guid:C22CE07C4B87D685137FDBBC10FC92C6 BaseClass: NativeClass:/Script/Engine.SkyAtmosphere Name:SkyAtmosphere_0 Label:SkyAtmosphere SpatiallyLoaded:0 Bounds:IsValid=true, Min=(X=0.000 Y=0.000 Z=1020.000), Max=(X=0.000 Y=0.000 Z=1020.000) RuntimeGrid:None EditorOnly:0 RuntimeOnly:0 HLODRelevant:0 FolderPath:Lighting FolderGuid:0BA5F0A04EADB18E70D5B180D08FA34B
 |   |   |- Guid:CC46BB3E416F312118CEF5A92C5D7F5B BaseClass:/Game/BluePrints/BP_Planter.BP_Planter_C NativeClass:/Script/Engine.Actor Name:BP_Planter_C_UAID_F02F74196D865AB601_1182162199 Label:BP_Planter3 SpatiallyLoaded:1 Bounds:IsValid=true, Min=(X=-849.639 Y=2429.275 Z=2.500), Max=(X=-589.881 Y=2691.207 Z=57.500) RuntimeGrid:None EditorOnly:0 RuntimeOnly:0 HLODRelevant:0
 |   |   |- Guid:CE8D82634660FCDB3120E2B8D547C533 BaseClass: NativeClass:/Script/Engine.PostProcessVolume Name:PostProcessVolume_0 Label:PostProcessVolume SpatiallyLoaded:0 Bounds:IsValid=true, Min=(X=0.000 Y=0.000 Z=400.000), Max=(X=200.000 Y=200.000 Z=600.000) RuntimeGrid:None EditorOnly:0 RuntimeOnly:0 HLODRelevant:0 FolderPath:Lighting FolderGuid:0BA5F0A04EADB18E70D5B180D08FA34B
 |   |   |- Guid:DA41F87842AAB5A9541D5B974B702CBB BaseClass: NativeClass:/Script/Engine.StaticMeshActor Name:StaticMeshActor_UAID_30D042E7D3673EB801_1212879425 Label:M_venus_01 SpatiallyLoaded:1 Bounds:IsValid=true, Min=(X=1512.131 Y=0.007 Z=36.979), Max=(X=1848.698 Y=491.357 Z=407.065) RuntimeGrid:None EditorOnly:0 RuntimeOnly:0 HLODRelevant:1
 |   |   |- Guid:E5320C1B4FD9764CE7B54D8487AEC613 BaseClass: NativeClass:/Script/Engine.SkyLight Name:SkyLight_0 Label:SkyLight SpatiallyLoaded:0 Bounds:IsValid=true, Min=(X=0.000 Y=0.000 Z=690.000), Max=(X=0.000 Y=0.000 Z=690.000) RuntimeGrid:None EditorOnly:0 RuntimeOnly:0 HLODRelevant:0 FolderPath:Lighting FolderGuid:0BA5F0A04EADB18E70D5B180D08FA34B
 |   |   |- Guid:EA46F73F44F1968A4A4580A9B407BB46 BaseClass:/Game/BluePrints/BP_Planter.BP_Planter_C NativeClass:/Script/Engine.Actor Name:BP_Planter_C_UAID_30D042E7D36738B801_1119087319 Label:BP_Planter4 SpatiallyLoaded:1 Bounds:IsValid=true, Min=(X=1540.361 Y=19.275 Z=2.500), Max=(X=1800.119 Y=281.207 Z=57.500) RuntimeGrid:None EditorOnly:0 RuntimeOnly:0 HLODRelevant:0
 |   |   |- Guid:EE66F4454A4A9F99393F559AB739C05E BaseClass:/Game/FirstPerson/Blueprints/BP_Pickup_Rifle.BP_Pickup_Rifle_C NativeClass:/Script/Engine.Actor Name:BP_Rifle_C_1 Label:BP_Pickup_Rifle SpatiallyLoaded:1 Bounds:IsValid=true, Min=(X=848.000 Y=508.000 Z=64.000), Max=(X=912.000 Y=597.440 Z=128.000) RuntimeGrid:None EditorOnly:0 RuntimeOnly:0 HLODRelevant:0
 |   |   |- Guid:F80621C9446867154938FE81375207DA BaseClass: NativeClass:/Script/Engine.DirectionalLight Name:DirectionalLight_1 Label:DirectionalLight SpatiallyLoaded:0 Bounds:IsValid=true, Min=(X=-1048576.000 Y=-1048576.000 Z=-1048576.000), Max=(X=1048576.000 Y=1048576.000 Z=1048576.000) RuntimeGrid:None EditorOnly:0 RuntimeOnly:0 HLODRelevant:0 FolderPath:Lighting FolderGuid:0BA5F0A04EADB18E70D5B180D08FA34B
 |   |- [+] Clusters:
 |   |   |- [+] [  0]
 |   |   |   |- Guid:61391D344900612A77DFC3BA3E354907 BaseClass: NativeClass:/Script/Engine.ExponentialHeightFog Name:ExponentialHeightFog_0 Label:ExponentialHeightFog SpatiallyLoaded:0 Bounds:IsValid=true, Min=(X=-5600.000 Y=-50.000 Z=-6850.000), Max=(X=-5600.000 Y=-50.000 Z=-6850.000) RuntimeGrid:None EditorOnly:0 RuntimeOnly:0 HLODRelevant:0 FolderPath:Lighting FolderGuid:0BA5F0A04EADB18E70D5B180D08FA34B
 |   |   |- [+] [  1]
 |   |   |   |- Guid:5FE7584649BB6F09265329A6C57CFD0D BaseClass: NativeClass:/Script/Engine.VolumetricCloud Name:VolumetricCloud_0 Label:VolumetricCloud SpatiallyLoaded:0 Bounds:IsValid=true, Min=(X=0.000 Y=0.000 Z=820.000), Max=(X=0.000 Y=0.000 Z=820.000) RuntimeGrid:None EditorOnly:0 RuntimeOnly:0 HLODRelevant:0 FolderPath:Lighting FolderGuid:0BA5F0A04EADB18E70D5B180D08FA34B
 |   |   |- [+] [  2]
 |   |   |   |- Guid:9779AD3B4D92F301146762BC2D62FB58 BaseClass:/Game/BluePrints/BP_Buyable_door_04.BP_Buyable_door_04_C NativeClass:/Script/Engine.Actor Name:BP_Buyable_door_04_C_UAID_F02F74196D8659B601_2143661020 Label:BP_Buyable_door_04 SpatiallyLoaded:1 Bounds:IsValid=true, Min=(X=460.000 Y=1805.000 Z=-105.000), Max=(X=560.000 Y=3355.000 Z=345.000) RuntimeGrid:None EditorOnly:0 RuntimeOnly:0 HLODRelevant:0
 |   |   |- [+] [  3]
 |   |   |   |- Guid:F80621C9446867154938FE81375207DA BaseClass: NativeClass:/Script/Engine.DirectionalLight Name:DirectionalLight_1 Label:DirectionalLight SpatiallyLoaded:0 Bounds:IsValid=true, Min=(X=-1048576.000 Y=-1048576.000 Z=-1048576.000), Max=(X=1048576.000 Y=1048576.000 Z=1048576.000) RuntimeGrid:None EditorOnly:0 RuntimeOnly:0 HLODRelevant:0 FolderPath:Lighting FolderGuid:0BA5F0A04EADB18E70D5B180D08FA34B
 |   |   |- [+] [  4]
 |   |   |   |- Guid:500DAA9940956E57939128978963A6A4 BaseClass:/Game/BluePrints/BP_Planter.BP_Planter_C NativeClass:/Script/Engine.Actor Name:BP_Planter_C_UAID_F02F74196D865AB601_1177287197 Label:BP_Planter SpatiallyLoaded:1 Bounds:IsValid=true, Min=(X=1530.361 Y=4849.275 Z=2.500), Max=(X=1790.119 Y=5111.207 Z=57.500) RuntimeGrid:None EditorOnly:0 RuntimeOnly:0 HLODRelevant:0
 |   |   |- [+] [  5]
 |   |   |   |- Guid:4139832C41FC3103D33D658E69E1BC85 BaseClass:/Game/BluePrints/BP_Buyable_door_01.BP_Buyable_door_01_C NativeClass:/Script/Engine.Actor Name:BP_Buyable_door_master_C_UAID_F02F74196D8658B601_1788022841 Label:BP_Buyable_door_master SpatiallyLoaded:1 Bounds:IsValid=true, Min=(X=905.000 Y=1460.000 Z=-105.000), Max=(X=2455.000 Y=1560.000 Z=345.000) RuntimeGrid:None EditorOnly:0 RuntimeOnly:0 HLODRelevant:0
 |   |   |- [+] [  6]
 |   |   |   |- Guid:476871FB4A4CA844DADFDEB4EAAB40F4 BaseClass:/Game/BluePrints/BP_Planter.BP_Planter_C NativeClass:/Script/Engine.Actor Name:BP_Planter_C_UAID_F02F74196D865AB601_1179498198 Label:BP_Planter2 SpatiallyLoaded:1 Bounds:IsValid=true, Min=(X=3930.361 Y=2479.275 Z=2.500), Max=(X=4190.119 Y=2741.207 Z=57.500) RuntimeGrid:None EditorOnly:0 RuntimeOnly:0 HLODRelevant:0
 |   |   |- [+] [  7]
 |   |   |   |- Guid:C0959B1A4C961C1673B50F9F886DBA5D BaseClass:/Game/BP_point_pickup.BP_point_pickup_C NativeClass:/Script/Engine.Actor Name:BP_point_pickup_C_UAID_30D042E7D367A3B101_1291048760 Label:BP_point_pickup2 SpatiallyLoaded:1 Bounds:IsValid=true, Min=(X=1004.000 Y=964.000 Z=-16.000), Max=(X=1036.000 Y=996.000 Z=16.000) RuntimeGrid:None EditorOnly:0 RuntimeOnly:0 HLODRelevant:0
 |   |   |- [+] [  8]
 |   |   |   |- Guid:EE66F4454A4A9F99393F559AB739C05E BaseClass:/Game/FirstPerson/Blueprints/BP_Pickup_Rifle.BP_Pickup_Rifle_C NativeClass:/Script/Engine.Actor Name:BP_Rifle_C_1 Label:BP_Pickup_Rifle SpatiallyLoaded:1 Bounds:IsValid=true, Min=(X=848.000 Y=508.000 Z=64.000), Max=(X=912.000 Y=597.440 Z=128.000) RuntimeGrid:None EditorOnly:0 RuntimeOnly:0 HLODRelevant:0
 |   |   |- [+] [  9]
 |   |   |   |- Guid:2C17471B457C3E4FF15E498FDAC157CA BaseClass: NativeClass:/Script/Engine.StaticMeshActor Name:StaticMeshActor_UAID_30D042E7D36706B601_1782873407 Label:M_Planter SpatiallyLoaded:1 Bounds:IsValid=true, Min=(X=1560.361 Y=2439.275 Z=152.500), Max=(X=1820.119 Y=2701.207 Z=207.500) RuntimeGrid:None EditorOnly:0 RuntimeOnly:0 HLODRelevant:1
 |   |   |- [+] [ 10]
 |   |   |   |- Guid:E5320C1B4FD9764CE7B54D8487AEC613 BaseClass: NativeClass:/Script/Engine.SkyLight Name:SkyLight_0 Label:SkyLight SpatiallyLoaded:0 Bounds:IsValid=true, Min=(X=0.000 Y=0.000 Z=690.000), Max=(X=0.000 Y=0.000 Z=690.000) RuntimeGrid:None EditorOnly:0 RuntimeOnly:0 HLODRelevant:0 FolderPath:Lighting FolderGuid:0BA5F0A04EADB18E70D5B180D08FA34B
 |   |   |- [+] [ 11]
 |   |   |   |- Guid:293765E848FCA1D1C5DCF6AB344DD94D BaseClass:/Game/BluePrints/BP_point_pickup.BP_point_pickup_C NativeClass:/Script/Engine.Actor Name:BP_point_pickup_C_UAID_30D042E7D36705B601_1406974231 Label:BP_point_pickup SpatiallyLoaded:1 Bounds:IsValid=true, Min=(X=904.000 Y=1084.000 Z=14.000), Max=(X=936.000 Y=1116.000 Z=46.000) RuntimeGrid:None EditorOnly:0 RuntimeOnly:0 HLODRelevant:0
 |   |   |- [+] [ 12]
 |   |   |   |- Guid:78CAF7514C7533F30BD2F19A017AAB65 BaseClass: NativeClass:/Script/Engine.StaticMeshActor Name:StaticMeshActor_0 Label:SM_Cube SpatiallyLoaded:1 Bounds:IsValid=true, Min=(X=-1040.000 Y=-90.000 Z=-50.000), Max=(X=4410.000 Y=5260.000 Z=0.000) RuntimeGrid:None EditorOnly:0 RuntimeOnly:0 HLODRelevant:1 FolderPath:Playground FolderGuid:6C02BB504B69D1F3D7A624B130C18E5B
 |   |   |- [+] [ 13]
 |   |   |   |- Guid:17AFFD0B471A35DCA6D390A531CB0D7A BaseClass:/Game/BluePrints/BP_Buyable_door_03.BP_Buyable_door_03_C NativeClass:/Script/Engine.Actor Name:BP_Buyable_door_03_C_UAID_F02F74196D8659B601_2089194019 Label:BP_Buyable_door_03 SpatiallyLoaded:1 Bounds:IsValid=true, Min=(X=2780.000 Y=1825.000 Z=-105.000), Max=(X=2880.000 Y=3375.000 Z=345.000) RuntimeGrid:None EditorOnly:0 RuntimeOnly:0 HLODRelevant:0
 |   |   |- [+] [ 14]
 |   |   |   |- Guid:A354B1B24E617A525DC6B48CCDE2417E BaseClass: NativeClass:/Script/Engine.PlayerStart Name:PlayerStart_0 Label:PlayerStart SpatiallyLoaded:0 Bounds:IsValid=true, Min=(X=860.000 Y=810.000 Z=0.013), Max=(X=940.000 Y=890.000 Z=184.013) RuntimeGrid:None EditorOnly:0 RuntimeOnly:0 HLODRelevant:0
 |   |   |- [+] [ 15]
 |   |   |   |- Guid:7FB3C695458C70F6917C92A2B6C5EE65 BaseClass:/Game/BluePrints/BP_Buyable_door_02.BP_Buyable_door_02_C NativeClass:/Script/Engine.Actor Name:BP_Buyable_door_02_C_UAID_F02F74196D8659B601_2032883018 Label:BP_Buyable_door_02 SpatiallyLoaded:1 Bounds:IsValid=true, Min=(X=895.000 Y=3570.000 Z=-105.000), Max=(X=2445.000 Y=3670.000 Z=345.000) RuntimeGrid:None EditorOnly:0 RuntimeOnly:0 HLODRelevant:0
 |   |   |- [+] [ 16]
 |   |   |   |- Guid:C22CE07C4B87D685137FDBBC10FC92C6 BaseClass: NativeClass:/Script/Engine.SkyAtmosphere Name:SkyAtmosphere_0 Label:SkyAtmosphere SpatiallyLoaded:0 Bounds:IsValid=true, Min=(X=0.000 Y=0.000 Z=1020.000), Max=(X=0.000 Y=0.000 Z=1020.000) RuntimeGrid:None EditorOnly:0 RuntimeOnly:0 HLODRelevant:0 FolderPath:Lighting FolderGuid:0BA5F0A04EADB18E70D5B180D08FA34B
 |   |   |- [+] [ 17]
 |   |   |   |- Guid:C0C56B9644AE3D40CAFF6A878DB29844 BaseClass: NativeClass:/Script/Engine.StaticMeshActor Name:StaticMeshActor_UAID_A4AE111137DC5EFB00_2001720423 Label:SM_SkySphere SpatiallyLoaded:0 Bounds:IsValid=true, Min=(X=-1638400.000 Y=-1639300.000 Z=-1638400.000), Max=(X=1638400.000 Y=1637500.000 Z=1638400.000) RuntimeGrid:None EditorOnly:0 RuntimeOnly:0 HLODRelevant:1 FolderPath:Lighting FolderGuid:0BA5F0A04EADB18E70D5B180D08FA34B
 |   |   |- [+] [ 18]
 |   |   |   |- Guid:6FEFB3BD4EB37B849EF0D4AC80F83855 BaseClass: NativeClass:/Script/Engine.WorldDataLayers Name:WorldDataLayers Label:WorldDataLayers SpatiallyLoaded:0 Bounds:IsValid=true, Min=(X=0.000 Y=0.000 Z=0.000), Max=(X=0.000 Y=0.000 Z=0.000) RuntimeGrid:None EditorOnly:0 RuntimeOnly:0 HLODRelevant:0
 |   |   |- [+] [ 19]
 |   |   |   |- Guid:CC46BB3E416F312118CEF5A92C5D7F5B BaseClass:/Game/BluePrints/BP_Planter.BP_Planter_C NativeClass:/Script/Engine.Actor Name:BP_Planter_C_UAID_F02F74196D865AB601_1182162199 Label:BP_Planter3 SpatiallyLoaded:1 Bounds:IsValid=true, Min=(X=-849.639 Y=2429.275 Z=2.500), Max=(X=-589.881 Y=2691.207 Z=57.500) RuntimeGrid:None EditorOnly:0 RuntimeOnly:0 HLODRelevant:0
 |   |   |- [+] [ 20]
 |   |   |   |- Guid:242DC6014BC97AB01E7C83BC2F973247 BaseClass:/Game/BP_point_pickup.BP_point_pickup_C NativeClass:/Script/Engine.Actor Name:BP_point_pickup_C_UAID_30D042E7D367A3B101_1289413759 Label:BP_point_pickup SpatiallyLoaded:1 Bounds:IsValid=true, Min=(X=1104.000 Y=844.000 Z=-16.000), Max=(X=1136.000 Y=876.000 Z=16.000) RuntimeGrid:None EditorOnly:0 RuntimeOnly:0 HLODRelevant:0
 |   |   |- [+] [ 21]
 |   |   |   |- Guid:CE8D82634660FCDB3120E2B8D547C533 BaseClass: NativeClass:/Script/Engine.PostProcessVolume Name:PostProcessVolume_0 Label:PostProcessVolume SpatiallyLoaded:0 Bounds:IsValid=true, Min=(X=0.000 Y=0.000 Z=400.000), Max=(X=200.000 Y=200.000 Z=600.000) RuntimeGrid:None EditorOnly:0 RuntimeOnly:0 HLODRelevant:0 FolderPath:Lighting FolderGuid:0BA5F0A04EADB18E70D5B180D08FA34B
 |   |   |- [+] [ 22]
 |   |   |   |- Guid:EA46F73F44F1968A4A4580A9B407BB46 BaseClass:/Game/BluePrints/BP_Planter.BP_Planter_C NativeClass:/Script/Engine.Actor Name:BP_Planter_C_UAID_30D042E7D36738B801_1119087319 Label:BP_Planter4 SpatiallyLoaded:1 Bounds:IsValid=true, Min=(X=1540.361 Y=19.275 Z=2.500), Max=(X=1800.119 Y=281.207 Z=57.500) RuntimeGrid:None EditorOnly:0 RuntimeOnly:0 HLODRelevant:0
 |   |   |- [+] [ 23]
 |   |   |   |- Guid:DA41F87842AAB5A9541D5B974B702CBB BaseClass: NativeClass:/Script/Engine.StaticMeshActor Name:StaticMeshActor_UAID_30D042E7D3673EB801_1212879425 Label:M_venus_01 SpatiallyLoaded:1 Bounds:IsValid=true, Min=(X=1512.131 Y=0.007 Z=36.979), Max=(X=1848.698 Y=491.357 Z=407.065) RuntimeGrid:None EditorOnly:0 RuntimeOnly:0 HLODRelevant:1
 |- ContainerInstances:
 |- [+] MainContainer:
 |   |-        ID: 0x0000000000000000
 |   |-    Bounds: IsValid=false, Min=(X=0.000 Y=0.000 Z=0.000), Max=(X=0.000 Y=0.000 Z=0.000)
 |   |- Transform: 0.000000,0.000000,0.000000|0.000000,0.000000,-0.000000|1.000000,1.000000,1.000000
 |   |- Container: /Game/FirstPerson/Maps/FirstPersonMap
----------------------------------------------------------------------------------------------------------------
FirstPersonMap - Persistent Level
----------------------------------------------------------------------------------------------------------------
Always loaded Actor Count: 51 

----------------------------------------------------------------------------------------------------------------
FirstPersonMap - Runtime Spatial Hash - Streaming Grid - MainGrid
----------------------------------------------------------------------------------------------------------------
            Origin: X=0.000 Y=0.000 Z=0.000
         Cell Size: 12800
      World Bounds: IsValid=false, Min=(X=0.000 Y=0.000 Z=0.000), Max=(X=0.000 Y=0.000 Z=0.000)
     Loading Range: 25600.00
Block Slow Loading: No
 ClientOnlyVisible: No

[+] Grid Levels: 1
 |- Level  0: Cell Count    0 | Cell Size   12800 | Actor Count    0 (0.0%)

[+] Content of Grid Level 0

