[+] Containers:
 |- [+] Container: /Game/FirstPerson/Maps/FirstPersonMap
 |   |- [+] ActorDescs:
 |   |   |- Guid:05F71F99437890860B0766946A078FE1 BaseClass: NativeClass:/Script/Engine.StaticMeshActor Name:StaticMeshActor_UAID_F02F74196D8684BE01_2003206036 Label:Cube4 SpatiallyLoaded:1 Bounds:IsValid=true, Min=(X=-1050.000 Y=-192.500 Z=-30.000), Max=(X=-950.000 Y=5332.500 Z=1170.000) RuntimeGrid:None EditorOnly:0 RuntimeOnly:0 HLODRelevant:1
 |   |   |- Guid:17AFFD0B471A35DCA6D390A531CB0D7A BaseClass:/Game/BluePrints/BP_Buyable_door_03.BP_Buyable_door_03_C NativeClass:/Script/Engine.Actor Name:BP_Buyable_door_03_C_UAID_F02F74196D8659B601_2089194019 Label:BP_Buyable_door_03 SpatiallyLoaded:1 Bounds:IsValid=true, Min=(X=2780.000 Y=1825.000 Z=-105.000), Max=(X=2880.000 Y=3375.000 Z=345.000) RuntimeGrid:None EditorOnly:0 RuntimeOnly:0 HLODRelevant:0
 |   |   |- Guid:271F674B4430845E8F230E87FE04A3CF BaseClass: NativeClass:/Script/NavigationSystem.RecastNavMesh Name:RecastNavMesh_UAID_F02F74196D8624BA01-Default Label:RecastNavMesh-Default SpatiallyLoaded:0 Bounds:IsValid=true, Min=(X=0.000 Y=0.000 Z=0.000), Max=(X=0.000 Y=0.000 Z=0.000) RuntimeGrid:None EditorOnly:0 RuntimeOnly:0 HLODRelevant:0
 |   |   |- Guid:293765E848FCA1D1C5DCF6AB344DD94D BaseClass:/Game/BluePrints/BP_point_pickup.BP_point_pickup_C NativeClass:/Script/Engine.Actor Name:BP_point_pickup_C_UAID_30D042E7D36705B601_1406974231 Label:BP_point_pickup SpatiallyLoaded:1 Bounds:IsValid=true, Min=(X=904.000 Y=1084.000 Z=14.000), Max=(X=936.000 Y=1116.000 Z=46.000) RuntimeGrid:None EditorOnly:0 RuntimeOnly:0 HLODRelevant:0
 |   |   |- Guid:2B7CFA6A4E1B42715F3549A08EE4EF2D BaseClass:/Game/BluePrints/BP_seed.BP_seed_C NativeClass:/Script/Engine.Actor Name:BP_seed_C_UAID_30D042E7D3670AC101_1293795728 Label:BP_seed SpatiallyLoaded:1 Bounds:IsValid=true, Min=(X=1270.000 Y=230.000 Z=-50.000), Max=(X=1370.000 Y=330.000 Z=50.000) RuntimeGrid:None EditorOnly:0 RuntimeOnly:0 HLODRelevant:0
 |   |   |- Guid:2C17471B457C3E4FF15E498FDAC157CA BaseClass: NativeClass:/Script/Engine.StaticMeshActor Name:StaticMeshActor_UAID_30D042E7D36706B601_1782873407 Label:M_Planter SpatiallyLoaded:1 Bounds:IsValid=true, Min=(X=1560.361 Y=2439.275 Z=152.500), Max=(X=1820.119 Y=2701.207 Z=207.500) RuntimeGrid:None EditorOnly:0 RuntimeOnly:0 HLODRelevant:1
 |   |   |- Guid:4139832C41FC3103D33D658E69E1BC85 BaseClass:/Game/BluePrints/BP_Buyable_door_01.BP_Buyable_door_01_C NativeClass:/Script/Engine.Actor Name:BP_Buyable_door_master_C_UAID_F02F74196D8658B601_1788022841 Label:BP_Buyable_door_master SpatiallyLoaded:1 Bounds:IsValid=true, Min=(X=905.000 Y=1460.000 Z=-105.000), Max=(X=2455.000 Y=1560.000 Z=345.000) RuntimeGrid:None EditorOnly:0 RuntimeOnly:0 HLODRelevant:0
 |   |   |- Guid:473E189540BA08A086B4428930496B12 BaseClass: NativeClass:/Script/Engine.StaticMeshActor Name:StaticMeshActor_UAID_F02F74196D8684BE01_2027188037 Label:Cube5 SpatiallyLoaded:1 Bounds:IsValid=true, Min=(X=4300.000 Y=-182.500 Z=-30.000), Max=(X=4400.000 Y=5342.500 Z=1170.000) RuntimeGrid:None EditorOnly:0 RuntimeOnly:0 HLODRelevant:1
 |   |   |- Guid:476871FB4A4CA844DADFDEB4EAAB40F4 BaseClass:/Game/BluePrints/BP_Planter.BP_Planter_C NativeClass:/Script/Engine.Actor Name:BP_Planter_C_UAID_F02F74196D865AB601_1179498198 Label:BP_Planter2 SpatiallyLoaded:1 Bounds:IsValid=true, Min=(X=3330.000 Y=2290.000 Z=-2.000), Max=(X=4209.993 Y=2930.000 Z=407.065) RuntimeGrid:None EditorOnly:0 RuntimeOnly:0 HLODRelevant:0
 |   |   |- Guid:488C367541DFE81847A788A15F0D5FC5 BaseClass: NativeClass:/Script/Engine.StaticMeshActor Name:StaticMeshActor_UAID_F02F74196D86F6BC01_1245952983 Label:Cube SpatiallyLoaded:1 Bounds:IsValid=true, Min=(X=2702.500 Y=25.000 Z=-50.000), Max=(X=4377.500 Y=1075.000 Z=50.000) RuntimeGrid:None EditorOnly:0 RuntimeOnly:0 HLODRelevant:1
 |   |   |- Guid:500DAA9940956E57939128978963A6A4 BaseClass:/Game/BluePrints/BP_Planter.BP_Planter_C NativeClass:/Script/Engine.Actor Name:BP_Planter_C_UAID_F02F74196D865AB601_1177287197 Label:BP_Planter SpatiallyLoaded:1 Bounds:IsValid=true, Min=(X=1340.000 Y=4250.000 Z=-2.000), Max=(X=1980.000 Y=5129.993 Z=407.065) RuntimeGrid:None EditorOnly:0 RuntimeOnly:0 HLODRelevant:0
 |   |   |- Guid:53B942A447E9EC44554CDCAE958BEA0C BaseClass: NativeClass:/Script/Engine.StaticMeshActor Name:StaticMeshActor_UAID_30D042E7D367A3C101_1508880657 Label:Sphere2 SpatiallyLoaded:1 Bounds:IsValid=true, Min=(X=1655.000 Y=-185.000 Z=815.000), Max=(X=1805.000 Y=-35.000 Z=965.000) RuntimeGrid:None EditorOnly:0 RuntimeOnly:0 HLODRelevant:1
 |   |   |- Guid:5FE7584649BB6F09265329A6C57CFD0D BaseClass: NativeClass:/Script/Engine.VolumetricCloud Name:VolumetricCloud_0 Label:VolumetricCloud SpatiallyLoaded:0 Bounds:IsValid=true, Min=(X=0.000 Y=0.000 Z=820.000), Max=(X=0.000 Y=0.000 Z=820.000) RuntimeGrid:None EditorOnly:0 RuntimeOnly:0 HLODRelevant:0 FolderPath:Lighting FolderGuid:0BA5F0A04EADB18E70D5B180D08FA34B
 |   |   |- Guid:6052725E433638C202A1BCBC9AAF6BA1 BaseClass: NativeClass:/Script/Engine.StaticMeshActor Name:StaticMeshActor_UAID_30D042E7D367A3C101_1501458656 Label:Sphere SpatiallyLoaded:1 Bounds:IsValid=true, Min=(X=1545.000 Y=-185.000 Z=815.000), Max=(X=1695.000 Y=-35.000 Z=965.000) RuntimeGrid:None EditorOnly:0 RuntimeOnly:0 HLODRelevant:1
 |   |   |- Guid:61391D344900612A77DFC3BA3E354907 BaseClass: NativeClass:/Script/Engine.ExponentialHeightFog Name:ExponentialHeightFog_0 Label:ExponentialHeightFog SpatiallyLoaded:0 Bounds:IsValid=true, Min=(X=-5600.000 Y=-50.000 Z=-6850.000), Max=(X=-5600.000 Y=-50.000 Z=-6850.000) RuntimeGrid:None EditorOnly:0 RuntimeOnly:0 HLODRelevant:0 FolderPath:Lighting FolderGuid:0BA5F0A04EADB18E70D5B180D08FA34B
 |   |   |- Guid:6FEFB3BD4EB37B849EF0D4AC80F83855 BaseClass: NativeClass:/Script/Engine.WorldDataLayers Name:WorldDataLayers Label:WorldDataLayers SpatiallyLoaded:0 Bounds:IsValid=true, Min=(X=0.000 Y=0.000 Z=0.000), Max=(X=0.000 Y=0.000 Z=0.000) RuntimeGrid:None EditorOnly:0 RuntimeOnly:0 HLODRelevant:0
 |   |   |- Guid:726F0BC9423B0382C15227867009883F BaseClass: NativeClass:/Script/Engine.StaticMeshActor Name:StaticMeshActor_UAID_F02F74196D8684BE01_2102011040 Label:Cube7 SpatiallyLoaded:1 Bounds:IsValid=true, Min=(X=-1450.540 Y=4757.500 Z=729.460), Max=(X=1890.540 Y=10282.500 Z=4070.540) RuntimeGrid:None EditorOnly:0 RuntimeOnly:0 HLODRelevant:1
 |   |   |- Guid:78CAF7514C7533F30BD2F19A017AAB65 BaseClass: NativeClass:/Script/Engine.StaticMeshActor Name:StaticMeshActor_0 Label:SM_Cube SpatiallyLoaded:1 Bounds:IsValid=true, Min=(X=-1040.000 Y=-90.000 Z=-50.000), Max=(X=4410.000 Y=5260.000 Z=0.000) RuntimeGrid:None EditorOnly:0 RuntimeOnly:0 HLODRelevant:1 FolderPath:Playground FolderGuid:6C02BB504B69D1F3D7A624B130C18E5B
 |   |   |- Guid:7FB3C695458C70F6917C92A2B6C5EE65 BaseClass:/Game/BluePrints/BP_Buyable_door_02.BP_Buyable_door_02_C NativeClass:/Script/Engine.Actor Name:BP_Buyable_door_02_C_UAID_F02F74196D8659B601_2032883018 Label:BP_Buyable_door_02 SpatiallyLoaded:1 Bounds:IsValid=true, Min=(X=895.000 Y=3570.000 Z=-105.000), Max=(X=2445.000 Y=3670.000 Z=345.000) RuntimeGrid:None EditorOnly:0 RuntimeOnly:0 HLODRelevant:0
 |   |   |- Guid:8880F2D14DA9FD45BA7D55AE6C8AFCB7 BaseClass: NativeClass:/Script/Engine.StaticMeshActor Name:StaticMeshActor_UAID_F02F74196D8684BE01_1959038034 Label:Cube2 SpatiallyLoaded:1 Bounds:IsValid=true, Min=(X=-1062.500 Y=-120.000 Z=-155.000), Max=(X=4462.500 Y=-20.000 Z=3895.000) RuntimeGrid:None EditorOnly:0 RuntimeOnly:0 HLODRelevant:1
 |   |   |- Guid:9631F6C3420A43C05809F98E75D144EE BaseClass: NativeClass:/Script/Engine.StaticMeshActor Name:StaticMeshActor_UAID_30D042E7D367A3C101_1521140658 Label:Sphere3 SpatiallyLoaded:1 Bounds:IsValid=true, Min=(X=1620.000 Y=-160.000 Z=1020.000), Max=(X=1720.000 Y=-60.000 Z=1120.000) RuntimeGrid:None EditorOnly:0 RuntimeOnly:0 HLODRelevant:1
 |   |   |- Guid:9779AD3B4D92F301146762BC2D62FB58 BaseClass:/Game/BluePrints/BP_Buyable_door_04.BP_Buyable_door_04_C NativeClass:/Script/Engine.Actor Name:BP_Buyable_door_04_C_UAID_F02F74196D8659B601_2143661020 Label:BP_Buyable_door_04 SpatiallyLoaded:1 Bounds:IsValid=true, Min=(X=460.000 Y=1805.000 Z=-105.000), Max=(X=560.000 Y=3355.000 Z=345.000) RuntimeGrid:None EditorOnly:0 RuntimeOnly:0 HLODRelevant:0
 |   |   |- Guid:9C0666024677B9C96E138F8DEC6C8B75 BaseClass: NativeClass:/Script/Engine.StaticMeshActor Name:StaticMeshActor_UAID_F02F74196D8684BE01_2043661039 Label:Cube6 SpatiallyLoaded:1 Bounds:IsValid=true, Min=(X=1478.750 Y=4747.500 Z=598.750), Max=(X=4961.250 Y=10272.500 Z=4081.250) RuntimeGrid:None EditorOnly:0 RuntimeOnly:0 HLODRelevant:1
 |   |   |- Guid:9F8B2E414DE42D820B0A74A25F56FCF4 BaseClass: NativeClass:/Script/NavigationSystem.NavMeshBoundsVolume Name:NavMeshBoundsVolume_UAID_F02F74196D8624BA01_2039109914 Label:NavMeshBoundsVolume SpatiallyLoaded:0 Bounds:IsValid=true, Min=(X=-1290.000 Y=-1945.000 Z=-100.000), Max=(X=4710.000 Y=5805.000 Z=100.000) RuntimeGrid:None EditorOnly:0 RuntimeOnly:0 HLODRelevant:0
 |   |   |- Guid:A3478C3F4C8B7401E3236AA2ED920049 BaseClass:/Game/AI/BP_enemy_character.BP_enemy_character_C NativeClass:/Script/Engine.Character Name:BP_enemy_character_C_UAID_30D042E7D754E5C201_1862734327 Label:BP_enemy_character SpatiallyLoaded:1 Bounds:IsValid=true, Min=(X=2215.000 Y=785.000 Z=-0.146), Max=(X=2287.591 Y=855.000 Z=200.000) RuntimeGrid:None EditorOnly:0 RuntimeOnly:0 HLODRelevant:0
 |   |   |- Guid:A354B1B24E617A525DC6B48CCDE2417E BaseClass: NativeClass:/Script/Engine.PlayerStart Name:PlayerStart_0 Label:PlayerStart SpatiallyLoaded:0 Bounds:IsValid=true, Min=(X=860.000 Y=810.000 Z=0.013), Max=(X=940.000 Y=890.000 Z=184.013) RuntimeGrid:None EditorOnly:0 RuntimeOnly:0 HLODRelevant:0
 |   |   |- Guid:B0863E7C44BB74A91AE6DC82E1BCC902 BaseClass: NativeClass:/Script/Engine.StaticMeshActor Name:StaticMeshActor_UAID_F02F74196D8684BE01_1985835035 Label:Cube3 SpatiallyLoaded:1 Bounds:IsValid=true, Min=(X=-1052.500 Y=5190.000 Z=-207.500), Max=(X=4472.500 Y=5290.000 Z=3867.500) RuntimeGrid:None EditorOnly:0 RuntimeOnly:0 HLODRelevant:1
 |   |   |- Guid:C0C56B9644AE3D40CAFF6A878DB29844 BaseClass: NativeClass:/Script/Engine.StaticMeshActor Name:StaticMeshActor_UAID_A4AE111137DC5EFB00_2001720423 Label:SM_SkySphere SpatiallyLoaded:0 Bounds:IsValid=true, Min=(X=-1638400.000 Y=-1639300.000 Z=-1638400.000), Max=(X=1638400.000 Y=1637500.000 Z=1638400.000) RuntimeGrid:None EditorOnly:0 RuntimeOnly:0 HLODRelevant:1 FolderPath:Lighting FolderGuid:0BA5F0A04EADB18E70D5B180D08FA34B
 |   |   |- Guid:C22CE07C4B87D685137FDBBC10FC92C6 BaseClass: NativeClass:/Script/Engine.SkyAtmosphere Name:SkyAtmosphere_0 Label:SkyAtmosphere SpatiallyLoaded:0 Bounds:IsValid=true, Min=(X=0.000 Y=0.000 Z=1020.000), Max=(X=0.000 Y=0.000 Z=1020.000) RuntimeGrid:None EditorOnly:0 RuntimeOnly:0 HLODRelevant:0 FolderPath:Lighting FolderGuid:0BA5F0A04EADB18E70D5B180D08FA34B
 |   |   |- Guid:CC46BB3E416F312118CEF5A92C5D7F5B BaseClass:/Game/BluePrints/BP_Planter.BP_Planter_C NativeClass:/Script/Engine.Actor Name:BP_Planter_C_UAID_F02F74196D865AB601_1182162199 Label:BP_Planter3 SpatiallyLoaded:1 Bounds:IsValid=true, Min=(X=-869.993 Y=2240.000 Z=-2.000), Max=(X=10.000 Y=2880.000 Z=407.065) RuntimeGrid:None EditorOnly:0 RuntimeOnly:0 HLODRelevant:0
 |   |   |- Guid:CE8D82634660FCDB3120E2B8D547C533 BaseClass: NativeClass:/Script/Engine.PostProcessVolume Name:PostProcessVolume_0 Label:PostProcessVolume SpatiallyLoaded:0 Bounds:IsValid=true, Min=(X=0.000 Y=0.000 Z=400.000), Max=(X=200.000 Y=200.000 Z=600.000) RuntimeGrid:None EditorOnly:0 RuntimeOnly:0 HLODRelevant:0 FolderPath:Lighting FolderGuid:0BA5F0A04EADB18E70D5B180D08FA34B
 |   |   |- Guid:E5320C1B4FD9764CE7B54D8487AEC613 BaseClass: NativeClass:/Script/Engine.SkyLight Name:SkyLight_0 Label:SkyLight SpatiallyLoaded:0 Bounds:IsValid=true, Min=(X=0.000 Y=0.000 Z=690.000), Max=(X=0.000 Y=0.000 Z=690.000) RuntimeGrid:None EditorOnly:0 RuntimeOnly:0 HLODRelevant:0 FolderPath:Lighting FolderGuid:0BA5F0A04EADB18E70D5B180D08FA34B
 |   |   |- Guid:EA46F73F44F1968A4A4580A9B407BB46 BaseClass:/Game/BluePrints/BP_Planter.BP_Planter_C NativeClass:/Script/Engine.Actor Name:BP_Planter_C_UAID_30D042E7D36738B801_1119087319 Label:BP_Planter4 SpatiallyLoaded:1 Bounds:IsValid=true, Min=(X=1350.000 Y=0.007 Z=-2.000), Max=(X=1990.000 Y=880.000 Z=407.065) RuntimeGrid:None EditorOnly:0 RuntimeOnly:0 HLODRelevant:0
 |   |   |- Guid:EE66F4454A4A9F99393F559AB739C05E BaseClass:/Game/FirstPerson/Blueprints/BP_Pickup_Rifle.BP_Pickup_Rifle_C NativeClass:/Script/Engine.Actor Name:BP_Rifle_C_1 Label:BP_Pickup_Rifle SpatiallyLoaded:1 Bounds:IsValid=true, Min=(X=848.000 Y=508.000 Z=64.000), Max=(X=912.000 Y=597.440 Z=128.000) RuntimeGrid:None EditorOnly:0 RuntimeOnly:0 HLODRelevant:0
 |   |   |- Guid:F1D56C6845EE87379497FDA51E0083CB BaseClass: NativeClass:/Script/Engine.StaticMeshActor Name:StaticMeshActor_UAID_30D042E7D367A3C101_1489739655 Label:Cylinder SpatiallyLoaded:1 Bounds:IsValid=true, Min=(X=1620.000 Y=-160.000 Z=857.500), Max=(X=1720.000 Y=-60.000 Z=1082.500) RuntimeGrid:None EditorOnly:0 RuntimeOnly:0 HLODRelevant:1
 |   |   |- Guid:F80621C9446867154938FE81375207DA BaseClass: NativeClass:/Script/Engine.DirectionalLight Name:DirectionalLight_1 Label:DirectionalLight SpatiallyLoaded:0 Bounds:IsValid=true, Min=(X=-1048576.000 Y=-1048576.000 Z=-1048576.000), Max=(X=1048576.000 Y=1048576.000 Z=1048576.000) RuntimeGrid:None EditorOnly:0 RuntimeOnly:0 HLODRelevant:0 FolderPath:Lighting FolderGuid:0BA5F0A04EADB18E70D5B180D08FA34B
 |   |- [+] Clusters:
 |   |   |- [+] [  0]
 |   |   |   |- Guid:61391D344900612A77DFC3BA3E354907 BaseClass: NativeClass:/Script/Engine.ExponentialHeightFog Name:ExponentialHeightFog_0 Label:ExponentialHeightFog SpatiallyLoaded:0 Bounds:IsValid=true, Min=(X=-5600.000 Y=-50.000 Z=-6850.000), Max=(X=-5600.000 Y=-50.000 Z=-6850.000) RuntimeGrid:None EditorOnly:0 RuntimeOnly:0 HLODRelevant:0 FolderPath:Lighting FolderGuid:0BA5F0A04EADB18E70D5B180D08FA34B
 |   |   |- [+] [  1]
 |   |   |   |- Guid:5FE7584649BB6F09265329A6C57CFD0D BaseClass: NativeClass:/Script/Engine.VolumetricCloud Name:VolumetricCloud_0 Label:VolumetricCloud SpatiallyLoaded:0 Bounds:IsValid=true, Min=(X=0.000 Y=0.000 Z=820.000), Max=(X=0.000 Y=0.000 Z=820.000) RuntimeGrid:None EditorOnly:0 RuntimeOnly:0 HLODRelevant:0 FolderPath:Lighting FolderGuid:0BA5F0A04EADB18E70D5B180D08FA34B
 |   |   |- [+] [  2]
 |   |   |   |- Guid:9779AD3B4D92F301146762BC2D62FB58 BaseClass:/Game/BluePrints/BP_Buyable_door_04.BP_Buyable_door_04_C NativeClass:/Script/Engine.Actor Name:BP_Buyable_door_04_C_UAID_F02F74196D8659B601_2143661020 Label:BP_Buyable_door_04 SpatiallyLoaded:1 Bounds:IsValid=true, Min=(X=460.000 Y=1805.000 Z=-105.000), Max=(X=560.000 Y=3355.000 Z=345.000) RuntimeGrid:None EditorOnly:0 RuntimeOnly:0 HLODRelevant:0
 |   |   |- [+] [  3]
 |   |   |   |- Guid:F80621C9446867154938FE81375207DA BaseClass: NativeClass:/Script/Engine.DirectionalLight Name:DirectionalLight_1 Label:DirectionalLight SpatiallyLoaded:0 Bounds:IsValid=true, Min=(X=-1048576.000 Y=-1048576.000 Z=-1048576.000), Max=(X=1048576.000 Y=1048576.000 Z=1048576.000) RuntimeGrid:None EditorOnly:0 RuntimeOnly:0 HLODRelevant:0 FolderPath:Lighting FolderGuid:0BA5F0A04EADB18E70D5B180D08FA34B
 |   |   |- [+] [  4]
 |   |   |   |- Guid:271F674B4430845E8F230E87FE04A3CF BaseClass: NativeClass:/Script/NavigationSystem.RecastNavMesh Name:RecastNavMesh_UAID_F02F74196D8624BA01-Default Label:RecastNavMesh-Default SpatiallyLoaded:0 Bounds:IsValid=true, Min=(X=0.000 Y=0.000 Z=0.000), Max=(X=0.000 Y=0.000 Z=0.000) RuntimeGrid:None EditorOnly:0 RuntimeOnly:0 HLODRelevant:0
 |   |   |- [+] [  5]
 |   |   |   |- Guid:500DAA9940956E57939128978963A6A4 BaseClass:/Game/BluePrints/BP_Planter.BP_Planter_C NativeClass:/Script/Engine.Actor Name:BP_Planter_C_UAID_F02F74196D865AB601_1177287197 Label:BP_Planter SpatiallyLoaded:1 Bounds:IsValid=true, Min=(X=1340.000 Y=4250.000 Z=-2.000), Max=(X=1980.000 Y=5129.993 Z=407.065) RuntimeGrid:None EditorOnly:0 RuntimeOnly:0 HLODRelevant:0
 |   |   |- [+] [  6]
 |   |   |   |- Guid:4139832C41FC3103D33D658E69E1BC85 BaseClass:/Game/BluePrints/BP_Buyable_door_01.BP_Buyable_door_01_C NativeClass:/Script/Engine.Actor Name:BP_Buyable_door_master_C_UAID_F02F74196D8658B601_1788022841 Label:BP_Buyable_door_master SpatiallyLoaded:1 Bounds:IsValid=true, Min=(X=905.000 Y=1460.000 Z=-105.000), Max=(X=2455.000 Y=1560.000 Z=345.000) RuntimeGrid:None EditorOnly:0 RuntimeOnly:0 HLODRelevant:0
 |   |   |- [+] [  7]
 |   |   |   |- Guid:476871FB4A4CA844DADFDEB4EAAB40F4 BaseClass:/Game/BluePrints/BP_Planter.BP_Planter_C NativeClass:/Script/Engine.Actor Name:BP_Planter_C_UAID_F02F74196D865AB601_1179498198 Label:BP_Planter2 SpatiallyLoaded:1 Bounds:IsValid=true, Min=(X=3330.000 Y=2290.000 Z=-2.000), Max=(X=4209.993 Y=2930.000 Z=407.065) RuntimeGrid:None EditorOnly:0 RuntimeOnly:0 HLODRelevant:0
 |   |   |- [+] [  8]
 |   |   |   |- Guid:EE66F4454A4A9F99393F559AB739C05E BaseClass:/Game/FirstPerson/Blueprints/BP_Pickup_Rifle.BP_Pickup_Rifle_C NativeClass:/Script/Engine.Actor Name:BP_Rifle_C_1 Label:BP_Pickup_Rifle SpatiallyLoaded:1 Bounds:IsValid=true, Min=(X=848.000 Y=508.000 Z=64.000), Max=(X=912.000 Y=597.440 Z=128.000) RuntimeGrid:None EditorOnly:0 RuntimeOnly:0 HLODRelevant:0
 |   |   |- [+] [  9]
 |   |   |   |- Guid:2C17471B457C3E4FF15E498FDAC157CA BaseClass: NativeClass:/Script/Engine.StaticMeshActor Name:StaticMeshActor_UAID_30D042E7D36706B601_1782873407 Label:M_Planter SpatiallyLoaded:1 Bounds:IsValid=true, Min=(X=1560.361 Y=2439.275 Z=152.500), Max=(X=1820.119 Y=2701.207 Z=207.500) RuntimeGrid:None EditorOnly:0 RuntimeOnly:0 HLODRelevant:1
 |   |   |- [+] [ 10]
 |   |   |   |- Guid:8880F2D14DA9FD45BA7D55AE6C8AFCB7 BaseClass: NativeClass:/Script/Engine.StaticMeshActor Name:StaticMeshActor_UAID_F02F74196D8684BE01_1959038034 Label:Cube2 SpatiallyLoaded:1 Bounds:IsValid=true, Min=(X=-1062.500 Y=-120.000 Z=-155.000), Max=(X=4462.500 Y=-20.000 Z=3895.000) RuntimeGrid:None EditorOnly:0 RuntimeOnly:0 HLODRelevant:1
 |   |   |- [+] [ 11]
 |   |   |   |- Guid:E5320C1B4FD9764CE7B54D8487AEC613 BaseClass: NativeClass:/Script/Engine.SkyLight Name:SkyLight_0 Label:SkyLight SpatiallyLoaded:0 Bounds:IsValid=true, Min=(X=0.000 Y=0.000 Z=690.000), Max=(X=0.000 Y=0.000 Z=690.000) RuntimeGrid:None EditorOnly:0 RuntimeOnly:0 HLODRelevant:0 FolderPath:Lighting FolderGuid:0BA5F0A04EADB18E70D5B180D08FA34B
 |   |   |- [+] [ 12]
 |   |   |   |- Guid:293765E848FCA1D1C5DCF6AB344DD94D BaseClass:/Game/BluePrints/BP_point_pickup.BP_point_pickup_C NativeClass:/Script/Engine.Actor Name:BP_point_pickup_C_UAID_30D042E7D36705B601_1406974231 Label:BP_point_pickup SpatiallyLoaded:1 Bounds:IsValid=true, Min=(X=904.000 Y=1084.000 Z=14.000), Max=(X=936.000 Y=1116.000 Z=46.000) RuntimeGrid:None EditorOnly:0 RuntimeOnly:0 HLODRelevant:0
 |   |   |- [+] [ 13]
 |   |   |   |- Guid:488C367541DFE81847A788A15F0D5FC5 BaseClass: NativeClass:/Script/Engine.StaticMeshActor Name:StaticMeshActor_UAID_F02F74196D86F6BC01_1245952983 Label:Cube SpatiallyLoaded:1 Bounds:IsValid=true, Min=(X=2702.500 Y=25.000 Z=-50.000), Max=(X=4377.500 Y=1075.000 Z=50.000) RuntimeGrid:None EditorOnly:0 RuntimeOnly:0 HLODRelevant:1
 |   |   |- [+] [ 14]
 |   |   |   |- Guid:78CAF7514C7533F30BD2F19A017AAB65 BaseClass: NativeClass:/Script/Engine.StaticMeshActor Name:StaticMeshActor_0 Label:SM_Cube SpatiallyLoaded:1 Bounds:IsValid=true, Min=(X=-1040.000 Y=-90.000 Z=-50.000), Max=(X=4410.000 Y=5260.000 Z=0.000) RuntimeGrid:None EditorOnly:0 RuntimeOnly:0 HLODRelevant:1 FolderPath:Playground FolderGuid:6C02BB504B69D1F3D7A624B130C18E5B
 |   |   |- [+] [ 15]
 |   |   |   |- Guid:2B7CFA6A4E1B42715F3549A08EE4EF2D BaseClass:/Game/BluePrints/BP_seed.BP_seed_C NativeClass:/Script/Engine.Actor Name:BP_seed_C_UAID_30D042E7D3670AC101_1293795728 Label:BP_seed SpatiallyLoaded:1 Bounds:IsValid=true, Min=(X=1270.000 Y=230.000 Z=-50.000), Max=(X=1370.000 Y=330.000 Z=50.000) RuntimeGrid:None EditorOnly:0 RuntimeOnly:0 HLODRelevant:0
 |   |   |- [+] [ 16]
 |   |   |   |- Guid:726F0BC9423B0382C15227867009883F BaseClass: NativeClass:/Script/Engine.StaticMeshActor Name:StaticMeshActor_UAID_F02F74196D8684BE01_2102011040 Label:Cube7 SpatiallyLoaded:1 Bounds:IsValid=true, Min=(X=-1450.540 Y=4757.500 Z=729.460), Max=(X=1890.540 Y=10282.500 Z=4070.540) RuntimeGrid:None EditorOnly:0 RuntimeOnly:0 HLODRelevant:1
 |   |   |- [+] [ 17]
 |   |   |   |- Guid:6052725E433638C202A1BCBC9AAF6BA1 BaseClass: NativeClass:/Script/Engine.StaticMeshActor Name:StaticMeshActor_UAID_30D042E7D367A3C101_1501458656 Label:Sphere SpatiallyLoaded:1 Bounds:IsValid=true, Min=(X=1545.000 Y=-185.000 Z=815.000), Max=(X=1695.000 Y=-35.000 Z=965.000) RuntimeGrid:None EditorOnly:0 RuntimeOnly:0 HLODRelevant:1
 |   |   |- [+] [ 18]
 |   |   |   |- Guid:17AFFD0B471A35DCA6D390A531CB0D7A BaseClass:/Game/BluePrints/BP_Buyable_door_03.BP_Buyable_door_03_C NativeClass:/Script/Engine.Actor Name:BP_Buyable_door_03_C_UAID_F02F74196D8659B601_2089194019 Label:BP_Buyable_door_03 SpatiallyLoaded:1 Bounds:IsValid=true, Min=(X=2780.000 Y=1825.000 Z=-105.000), Max=(X=2880.000 Y=3375.000 Z=345.000) RuntimeGrid:None EditorOnly:0 RuntimeOnly:0 HLODRelevant:0
 |   |   |- [+] [ 19]
 |   |   |   |- Guid:B0863E7C44BB74A91AE6DC82E1BCC902 BaseClass: NativeClass:/Script/Engine.StaticMeshActor Name:StaticMeshActor_UAID_F02F74196D8684BE01_1985835035 Label:Cube3 SpatiallyLoaded:1 Bounds:IsValid=true, Min=(X=-1052.500 Y=5190.000 Z=-207.500), Max=(X=4472.500 Y=5290.000 Z=3867.500) RuntimeGrid:None EditorOnly:0 RuntimeOnly:0 HLODRelevant:1
 |   |   |- [+] [ 20]
 |   |   |   |- Guid:A354B1B24E617A525DC6B48CCDE2417E BaseClass: NativeClass:/Script/Engine.PlayerStart Name:PlayerStart_0 Label:PlayerStart SpatiallyLoaded:0 Bounds:IsValid=true, Min=(X=860.000 Y=810.000 Z=0.013), Max=(X=940.000 Y=890.000 Z=184.013) RuntimeGrid:None EditorOnly:0 RuntimeOnly:0 HLODRelevant:0
 |   |   |- [+] [ 21]
 |   |   |   |- Guid:473E189540BA08A086B4428930496B12 BaseClass: NativeClass:/Script/Engine.StaticMeshActor Name:StaticMeshActor_UAID_F02F74196D8684BE01_2027188037 Label:Cube5 SpatiallyLoaded:1 Bounds:IsValid=true, Min=(X=4300.000 Y=-182.500 Z=-30.000), Max=(X=4400.000 Y=5342.500 Z=1170.000) RuntimeGrid:None EditorOnly:0 RuntimeOnly:0 HLODRelevant:1
 |   |   |- [+] [ 22]
 |   |   |   |- Guid:7FB3C695458C70F6917C92A2B6C5EE65 BaseClass:/Game/BluePrints/BP_Buyable_door_02.BP_Buyable_door_02_C NativeClass:/Script/Engine.Actor Name:BP_Buyable_door_02_C_UAID_F02F74196D8659B601_2032883018 Label:BP_Buyable_door_02 SpatiallyLoaded:1 Bounds:IsValid=true, Min=(X=895.000 Y=3570.000 Z=-105.000), Max=(X=2445.000 Y=3670.000 Z=345.000) RuntimeGrid:None EditorOnly:0 RuntimeOnly:0 HLODRelevant:0
 |   |   |- [+] [ 23]
 |   |   |   |- Guid:9C0666024677B9C96E138F8DEC6C8B75 BaseClass: NativeClass:/Script/Engine.StaticMeshActor Name:StaticMeshActor_UAID_F02F74196D8684BE01_2043661039 Label:Cube6 SpatiallyLoaded:1 Bounds:IsValid=true, Min=(X=1478.750 Y=4747.500 Z=598.750), Max=(X=4961.250 Y=10272.500 Z=4081.250) RuntimeGrid:None EditorOnly:0 RuntimeOnly:0 HLODRelevant:1
 |   |   |- [+] [ 24]
 |   |   |   |- Guid:EA46F73F44F1968A4A4580A9B407BB46 BaseClass:/Game/BluePrints/BP_Planter.BP_Planter_C NativeClass:/Script/Engine.Actor Name:BP_Planter_C_UAID_30D042E7D36738B801_1119087319 Label:BP_Planter4 SpatiallyLoaded:1 Bounds:IsValid=true, Min=(X=1350.000 Y=0.007 Z=-2.000), Max=(X=1990.000 Y=880.000 Z=407.065) RuntimeGrid:None EditorOnly:0 RuntimeOnly:0 HLODRelevant:0
 |   |   |- [+] [ 25]
 |   |   |   |- Guid:53B942A447E9EC44554CDCAE958BEA0C BaseClass: NativeClass:/Script/Engine.StaticMeshActor Name:StaticMeshActor_UAID_30D042E7D367A3C101_1508880657 Label:Sphere2 SpatiallyLoaded:1 Bounds:IsValid=true, Min=(X=1655.000 Y=-185.000 Z=815.000), Max=(X=1805.000 Y=-35.000 Z=965.000) RuntimeGrid:None EditorOnly:0 RuntimeOnly:0 HLODRelevant:1
 |   |   |- [+] [ 26]
 |   |   |   |- Guid:A3478C3F4C8B7401E3236AA2ED920049 BaseClass:/Game/AI/BP_enemy_character.BP_enemy_character_C NativeClass:/Script/Engine.Character Name:BP_enemy_character_C_UAID_30D042E7D754E5C201_1862734327 Label:BP_enemy_character SpatiallyLoaded:1 Bounds:IsValid=true, Min=(X=2215.000 Y=785.000 Z=-0.146), Max=(X=2287.591 Y=855.000 Z=200.000) RuntimeGrid:None EditorOnly:0 RuntimeOnly:0 HLODRelevant:0
 |   |   |- [+] [ 27]
 |   |   |   |- Guid:F1D56C6845EE87379497FDA51E0083CB BaseClass: NativeClass:/Script/Engine.StaticMeshActor Name:StaticMeshActor_UAID_30D042E7D367A3C101_1489739655 Label:Cylinder SpatiallyLoaded:1 Bounds:IsValid=true, Min=(X=1620.000 Y=-160.000 Z=857.500), Max=(X=1720.000 Y=-60.000 Z=1082.500) RuntimeGrid:None EditorOnly:0 RuntimeOnly:0 HLODRelevant:1
 |   |   |- [+] [ 28]
 |   |   |   |- Guid:C22CE07C4B87D685137FDBBC10FC92C6 BaseClass: NativeClass:/Script/Engine.SkyAtmosphere Name:SkyAtmosphere_0 Label:SkyAtmosphere SpatiallyLoaded:0 Bounds:IsValid=true, Min=(X=0.000 Y=0.000 Z=1020.000), Max=(X=0.000 Y=0.000 Z=1020.000) RuntimeGrid:None EditorOnly:0 RuntimeOnly:0 HLODRelevant:0 FolderPath:Lighting FolderGuid:0BA5F0A04EADB18E70D5B180D08FA34B
 |   |   |- [+] [ 29]
 |   |   |   |- Guid:C0C56B9644AE3D40CAFF6A878DB29844 BaseClass: NativeClass:/Script/Engine.StaticMeshActor Name:StaticMeshActor_UAID_A4AE111137DC5EFB00_2001720423 Label:SM_SkySphere SpatiallyLoaded:0 Bounds:IsValid=true, Min=(X=-1638400.000 Y=-1639300.000 Z=-1638400.000), Max=(X=1638400.000 Y=1637500.000 Z=1638400.000) RuntimeGrid:None EditorOnly:0 RuntimeOnly:0 HLODRelevant:1 FolderPath:Lighting FolderGuid:0BA5F0A04EADB18E70D5B180D08FA34B
 |   |   |- [+] [ 30]
 |   |   |   |- Guid:6FEFB3BD4EB37B849EF0D4AC80F83855 BaseClass: NativeClass:/Script/Engine.WorldDataLayers Name:WorldDataLayers Label:WorldDataLayers SpatiallyLoaded:0 Bounds:IsValid=true, Min=(X=0.000 Y=0.000 Z=0.000), Max=(X=0.000 Y=0.000 Z=0.000) RuntimeGrid:None EditorOnly:0 RuntimeOnly:0 HLODRelevant:0
 |   |   |- [+] [ 31]
 |   |   |   |- Guid:CC46BB3E416F312118CEF5A92C5D7F5B BaseClass:/Game/BluePrints/BP_Planter.BP_Planter_C NativeClass:/Script/Engine.Actor Name:BP_Planter_C_UAID_F02F74196D865AB601_1182162199 Label:BP_Planter3 SpatiallyLoaded:1 Bounds:IsValid=true, Min=(X=-869.993 Y=2240.000 Z=-2.000), Max=(X=10.000 Y=2880.000 Z=407.065) RuntimeGrid:None EditorOnly:0 RuntimeOnly:0 HLODRelevant:0
 |   |   |- [+] [ 32]
 |   |   |   |- Guid:9F8B2E414DE42D820B0A74A25F56FCF4 BaseClass: NativeClass:/Script/NavigationSystem.NavMeshBoundsVolume Name:NavMeshBoundsVolume_UAID_F02F74196D8624BA01_2039109914 Label:NavMeshBoundsVolume SpatiallyLoaded:0 Bounds:IsValid=true, Min=(X=-1290.000 Y=-1945.000 Z=-100.000), Max=(X=4710.000 Y=5805.000 Z=100.000) RuntimeGrid:None EditorOnly:0 RuntimeOnly:0 HLODRelevant:0
 |   |   |- [+] [ 33]
 |   |   |   |- Guid:9631F6C3420A43C05809F98E75D144EE BaseClass: NativeClass:/Script/Engine.StaticMeshActor Name:StaticMeshActor_UAID_30D042E7D367A3C101_1521140658 Label:Sphere3 SpatiallyLoaded:1 Bounds:IsValid=true, Min=(X=1620.000 Y=-160.000 Z=1020.000), Max=(X=1720.000 Y=-60.000 Z=1120.000) RuntimeGrid:None EditorOnly:0 RuntimeOnly:0 HLODRelevant:1
 |   |   |- [+] [ 34]
 |   |   |   |- Guid:05F71F99437890860B0766946A078FE1 BaseClass: NativeClass:/Script/Engine.StaticMeshActor Name:StaticMeshActor_UAID_F02F74196D8684BE01_2003206036 Label:Cube4 SpatiallyLoaded:1 Bounds:IsValid=true, Min=(X=-1050.000 Y=-192.500 Z=-30.000), Max=(X=-950.000 Y=5332.500 Z=1170.000) RuntimeGrid:None EditorOnly:0 RuntimeOnly:0 HLODRelevant:1
 |   |   |- [+] [ 35]
 |   |   |   |- Guid:CE8D82634660FCDB3120E2B8D547C533 BaseClass: NativeClass:/Script/Engine.PostProcessVolume Name:PostProcessVolume_0 Label:PostProcessVolume SpatiallyLoaded:0 Bounds:IsValid=true, Min=(X=0.000 Y=0.000 Z=400.000), Max=(X=200.000 Y=200.000 Z=600.000) RuntimeGrid:None EditorOnly:0 RuntimeOnly:0 HLODRelevant:0 FolderPath:Lighting FolderGuid:0BA5F0A04EADB18E70D5B180D08FA34B
 |- ContainerInstances:
 |- [+] MainContainer:
 |   |-        ID: 0x0000000000000000
 |   |-    Bounds: IsValid=false, Min=(X=0.000 Y=0.000 Z=0.000), Max=(X=0.000 Y=0.000 Z=0.000)
 |   |- Transform: 0.000000,0.000000,0.000000|0.000000,0.000000,-0.000000|1.000000,1.000000,1.000000
 |   |- Container: /Game/FirstPerson/Maps/FirstPersonMap
----------------------------------------------------------------------------------------------------------------
FirstPersonMap - Persistent Level
----------------------------------------------------------------------------------------------------------------
Always loaded Actor Count: 72 

----------------------------------------------------------------------------------------------------------------
FirstPersonMap - Runtime Spatial Hash - Streaming Grid - MainGrid
----------------------------------------------------------------------------------------------------------------
            Origin: X=0.000 Y=0.000 Z=0.000
         Cell Size: 12800
      World Bounds: IsValid=false, Min=(X=0.000 Y=0.000 Z=0.000), Max=(X=0.000 Y=0.000 Z=0.000)
     Loading Range: 25600.00
Block Slow Loading: No
 ClientOnlyVisible: No

[+] Grid Levels: 1
 |- Level  0: Cell Count    0 | Cell Size   12800 | Actor Count    0 (0.0%)

[+] Content of Grid Level 0

